<?xml version="1.0" encoding="UTF-8"?>
<testsuite name="TestSuite" time="0.516" tests="117" errors="0" skipped="116" failures="1">
  <properties>
[...]
</properties>
  <testcase name="arquillianBeforeSuite" classname="org.eclipse.microprofile.config.tck.CdiOptionalInjectionTest" time="0.516">
    <failure message="wlpHome is required for initialization" type="org.jboss.arquillian.container.spi.ConfigurationException">org.jboss.arquillian.container.spi.ConfigurationException: wlpHome is required for initialization
	at org.jboss.arquillian.container.was.wlp_managed_8_5.WLPManagedContainerConfiguration.validate(WLPManagedContainerConfiguration.java:65)
	at org.jboss.arquillian.container.impl.ContainerImpl.createDeployableConfiguration(ContainerImpl.java:115)
	at org.jboss.arquillian.container.impl.ContainerImpl.setup(ContainerImpl.java:181)
	at org.jboss.arquillian.container.impl.client.container.ContainerLifecycleController$7.perform(ContainerLifecycleController.java:149)
	at org.jboss.arquillian.container.impl.client.container.ContainerLifecycleController$7.perform(ContainerLifecycleController.java:145)
	at org.jboss.arquillian.container.impl.client.container.ContainerLifecycleController.forContainer(ContainerLifecycleController.java:255)
	at org.jboss.arquillian.container.impl.client.container.ContainerLifecycleController.setupContainer(ContainerLifecycleController.java:144)
	at sun.reflect.NativeMethodAccessorImpl.invoke0(Native Method)
	at sun.reflect.NativeMethodAccessorImpl.invoke(NativeMethodAccessorImpl.java:62)
	at sun.reflect.DelegatingMethodAccessorImpl.invoke(DelegatingMethodAccessorImpl.java:43)
	at java.lang.reflect.Method.invoke(Method.java:498)
	at org.jboss.arquillian.core.impl.ObserverImpl.invoke(ObserverImpl.java:96)
	at org.jboss.arquillian.core.impl.EventContextImpl.invokeObservers(EventContextImpl.java:99)
	at org.jboss.arquillian.core.impl.EventContextImpl.proceed(EventContextImpl.java:81)
	at org.jboss.arquillian.container.impl.client.ContainerDeploymentContextHandler.createContainerContext(ContainerDeploymentContextHandler.java:57)
	at sun.reflect.NativeMethodAccessorImpl.invoke0(Native Method)
	at sun.reflect.NativeMethodAccessorImpl.invoke(NativeMethodAccessorImpl.java:62)
	at sun.reflect.DelegatingMethodAccessorImpl.invoke(DelegatingMethodAccessorImpl.java:43)
	at java.lang.reflect.Method.invoke(Method.java:498)
	at org.jboss.arquillian.core.impl.ObserverImpl.invoke(ObserverImpl.java:96)
	at org.jboss.arquillian.core.impl.EventContextImpl.proceed(EventContextImpl.java:88)
	at org.jboss.arquillian.core.impl.ManagerImpl.fire(ManagerImpl.java:145)
	at org.jboss.arquillian.core.impl.ManagerImpl.fire(ManagerImpl.java:116)
	at org.jboss.arquillian.core.impl.EventImpl.fire(EventImpl.java:67)
	at org.jboss.arquillian.container.impl.client.container.ContainerLifecycleController$1.perform(ContainerLifecycleController.java:62)
	at org.jboss.arquillian.container.impl.client.container.ContainerLifecycleController$1.perform(ContainerLifecycleController.java:55)
	at org.jboss.arquillian.container.impl.client.container.ContainerLifecycleController.forEachContainer(ContainerLifecycleController.java:209)
	at org.jboss.arquillian.container.impl.client.container.ContainerLifecycleController.setupContainers(ContainerLifecycleController.java:54)
	at sun.reflect.NativeMethodAccessorImpl.invoke0(Native Method)
	at sun.reflect.NativeMethodAccessorImpl.invoke(NativeMethodAccessorImpl.java:62)
	at sun.reflect.DelegatingMethodAccessorImpl.invoke(DelegatingMethodAccessorImpl.java:43)
	at java.lang.reflect.Method.invoke(Method.java:498)
	at org.jboss.arquillian.core.impl.ObserverImpl.invoke(ObserverImpl.java:96)
	at org.jboss.arquillian.core.impl.EventContextImpl.invokeObservers(EventContextImpl.java:99)
	at org.jboss.arquillian.core.impl.EventContextImpl.proceed(EventContextImpl.java:81)
	at org.jboss.arquillian.core.impl.ManagerImpl.fire(ManagerImpl.java:145)
	at org.jboss.arquillian.core.impl.ManagerImpl.fire(ManagerImpl.java:116)
	at org.jboss.arquillian.core.impl.EventImpl.fire(EventImpl.java:67)
	at org.jboss.arquillian.container.test.impl.client.ContainerEventController.execute(ContainerEventController.java:85)
	at sun.reflect.NativeMethodAccessorImpl.invoke0(Native Method)
	at sun.reflect.NativeMethodAccessorImpl.invoke(NativeMethodAccessorImpl.java:62)
	at sun.reflect.DelegatingMethodAccessorImpl.invoke(DelegatingMethodAccessorImpl.java:43)
	at java.lang.reflect.Method.invoke(Method.java:498)
	at org.jboss.arquillian.core.impl.ObserverImpl.invoke(ObserverImpl.java:96)
	at org.jboss.arquillian.core.impl.EventContextImpl.invokeObservers(EventContextImpl.java:99)
	at org.jboss.arquillian.core.impl.EventContextImpl.proceed(EventContextImpl.java:81)
	at org.jboss.arquillian.test.impl.TestContextHandler.createSuiteContext(TestContextHandler.java:73)
	at sun.reflect.NativeMethodAccessorImpl.invoke0(Native Method)
	at sun.reflect.NativeMethodAccessorImpl.invoke(NativeMethodAccessorImpl.java:62)
	at sun.reflect.DelegatingMethodAccessorImpl.invoke(DelegatingMethodAccessorImpl.java:43)
	at java.lang.reflect.Method.invoke(Method.java:498)
	at org.jboss.arquillian.core.impl.ObserverImpl.invoke(ObserverImpl.java:96)
	at org.jboss.arquillian.core.impl.EventContextImpl.proceed(EventContextImpl.java:88)
	at org.jboss.arquillian.core.impl.ManagerImpl.fire(ManagerImpl.java:145)
	at org.jboss.arquillian.core.impl.ManagerImpl.fire(ManagerImpl.java:116)
	at org.jboss.arquillian.test.impl.EventTestRunnerAdaptor.beforeSuite(EventTestRunnerAdaptor.java:75)
	at org.jboss.arquillian.testng.Arquillian.arquillianBeforeSuite(Arquillian.java:71)
	at sun.reflect.NativeMethodAccessorImpl.invoke0(Native Method)
	at sun.reflect.NativeMethodAccessorImpl.invoke(NativeMethodAccessorImpl.java:62)
	at sun.reflect.DelegatingMethodAccessorImpl.invoke(DelegatingMethodAccessorImpl.java:43)
	at java.lang.reflect.Method.invoke(Method.java:498)
	at org.testng.internal.MethodInvocationHelper.invokeMethod(MethodInvocationHelper.java:85)
	at org.testng.internal.Invoker.invokeConfigurationMethod(Invoker.java:510)
	at org.testng.internal.Invoker.invokeConfigurations(Invoker.java:211)
	at org.testng.internal.Invoker.invokeConfigurations(Invoker.java:138)
	at org.testng.SuiteRunner.privateRun(SuiteRunner.java:298)
	at org.testng.SuiteRunner.run(SuiteRunner.java:261)
	at org.testng.SuiteRunnerWorker.runSuite(SuiteRunnerWorker.java:52)
	at org.testng.SuiteRunnerWorker.run(SuiteRunnerWorker.java:86)
	at org.testng.TestNG.runSuitesSequentially(TestNG.java:1215)
	at org.testng.TestNG.runSuitesLocally(TestNG.java:1140)
	at org.testng.TestNG.run(TestNG.java:1048)
	at org.apache.maven.surefire.testng.TestNGExecutor.run(TestNGExecutor.java:293)
	at org.apache.maven.surefire.testng.TestNGXmlTestSuite.execute(TestNGXmlTestSuite.java:84)
	at org.apache.maven.surefire.testng.TestNGProvider.invoke(TestNGProvider.java:91)
	at org.apache.maven.surefire.booter.ForkedBooter.invokeProviderInSameClassLoader(ForkedBooter.java:200)
	at org.apache.maven.surefire.booter.ForkedBooter.runSuitesInProcess(ForkedBooter.java:153)
	at org.apache.maven.surefire.booter.ForkedBooter.main(ForkedBooter.java:103)
</failure>
    <system-out><![CDATA[...
... TestNG 6.9.9 by Cédric Beust (cedric@beust.com)
...

]]></system-out>
  </testcase>
  <testcase name="arquillianBeforeClass" classname="org.eclipse.microprofile.config.tck.CdiOptionalInjectionTest" time="0">
    <skipped/>
  </testcase>
  <testcase name="arquillianBeforeTest" classname="org.eclipse.microprofile.config.tck.CdiOptionalInjectionTest" time="0">
    <skipped/>
  </testcase>
  <testcase name="testOptionalInjection" classname="org.eclipse.microprofile.config.tck.CdiOptionalInjectionTest" time="0">
    <skipped/>
  </testcase>
  <testcase name="arquillianBeforeClass" classname="org.eclipse.microprofile.config.tck.ConverterTest" time="0">
    <skipped/>
  </testcase>
  <testcase name="arquillianBeforeTest" classname="org.eclipse.microprofile.config.tck.ConverterTest" time="0">
    <skipped/>
  </testcase>
  <testcase name="testBoolean" classname="org.eclipse.microprofile.config.tck.ConverterTest" time="0">
    <skipped/>
  </testcase>
  <testcase name="arquillianBeforeTest" classname="org.eclipse.microprofile.config.tck.ConverterTest" time="0">
    <skipped/>
  </testcase>
  <testcase name="testCustomConverter" classname="org.eclipse.microprofile.config.tck.ConverterTest" time="0">
    <skipped/>
  </testcase>
  <testcase name="arquillianBeforeTest" classname="org.eclipse.microprofile.config.tck.ConverterTest" time="0">
    <skipped/>
  </testcase>
  <testcase name="testDouble" classname="org.eclipse.microprofile.config.tck.ConverterTest" time="0">
    <skipped/>
  </testcase>
  <testcase name="arquillianBeforeTest" classname="org.eclipse.microprofile.config.tck.ConverterTest" time="0">
    <skipped/>
  </testcase>
  <testcase name="testDouble_Broken" classname="org.eclipse.microprofile.config.tck.ConverterTest" time="0">
    <skipped/>
  </testcase>
  <testcase name="arquillianBeforeTest" classname="org.eclipse.microprofile.config.tck.ConverterTest" time="0">
    <skipped/>
  </testcase>
  <testcase name="testDuration" classname="org.eclipse.microprofile.config.tck.ConverterTest" time="0">
    <skipped/>
  </testcase>
  <testcase name="arquillianBeforeTest" classname="org.eclipse.microprofile.config.tck.ConverterTest" time="0">
    <skipped/>
  </testcase>
  <testcase name="testDuration_Broken" classname="org.eclipse.microprofile.config.tck.ConverterTest" time="0">
    <skipped/>
  </testcase>
  <testcase name="arquillianBeforeTest" classname="org.eclipse.microprofile.config.tck.ConverterTest" time="0">
    <skipped/>
  </testcase>
  <testcase name="testFloat" classname="org.eclipse.microprofile.config.tck.ConverterTest" time="0">
    <skipped/>
  </testcase>
  <testcase name="arquillianBeforeTest" classname="org.eclipse.microprofile.config.tck.ConverterTest" time="0">
    <skipped/>
  </testcase>
  <testcase name="testFloat_Broken" classname="org.eclipse.microprofile.config.tck.ConverterTest" time="0">
    <skipped/>
  </testcase>
  <testcase name="arquillianBeforeTest" classname="org.eclipse.microprofile.config.tck.ConverterTest" time="0">
    <skipped/>
  </testcase>
  <testcase name="testInstant" classname="org.eclipse.microprofile.config.tck.ConverterTest" time="0">
    <skipped/>
  </testcase>
  <testcase name="arquillianBeforeTest" classname="org.eclipse.microprofile.config.tck.ConverterTest" time="0">
    <skipped/>
  </testcase>
  <testcase name="testInstant_Broken" classname="org.eclipse.microprofile.config.tck.ConverterTest" time="0">
    <skipped/>
  </testcase>
  <testcase name="arquillianBeforeTest" classname="org.eclipse.microprofile.config.tck.ConverterTest" time="0">
    <skipped/>
  </testcase>
  <testcase name="testInt" classname="org.eclipse.microprofile.config.tck.ConverterTest" time="0">
    <skipped/>
  </testcase>
  <testcase name="arquillianBeforeTest" classname="org.eclipse.microprofile.config.tck.ConverterTest" time="0">
    <skipped/>
  </testcase>
  <testcase name="testInteger" classname="org.eclipse.microprofile.config.tck.ConverterTest" time="0">
    <skipped/>
  </testcase>
  <testcase name="arquillianBeforeTest" classname="org.eclipse.microprofile.config.tck.ConverterTest" time="0">
    <skipped/>
  </testcase>
  <testcase name="testInteger_Broken" classname="org.eclipse.microprofile.config.tck.ConverterTest" time="0">
    <skipped/>
  </testcase>
  <testcase name="arquillianBeforeTest" classname="org.eclipse.microprofile.config.tck.ConverterTest" time="0">
    <skipped/>
  </testcase>
  <testcase name="testLocalDate" classname="org.eclipse.microprofile.config.tck.ConverterTest" time="0">
    <skipped/>
  </testcase>
  <testcase name="arquillianBeforeTest" classname="org.eclipse.microprofile.config.tck.ConverterTest" time="0">
    <skipped/>
  </testcase>
  <testcase name="testLocalDateTime" classname="org.eclipse.microprofile.config.tck.ConverterTest" time="0">
    <skipped/>
  </testcase>
  <testcase name="arquillianBeforeTest" classname="org.eclipse.microprofile.config.tck.ConverterTest" time="0">
    <skipped/>
  </testcase>
  <testcase name="testLocalDateTime_Broken" classname="org.eclipse.microprofile.config.tck.ConverterTest" time="0">
    <skipped/>
  </testcase>
  <testcase name="arquillianBeforeTest" classname="org.eclipse.microprofile.config.tck.ConverterTest" time="0">
    <skipped/>
  </testcase>
  <testcase name="testLocalDate_Broken" classname="org.eclipse.microprofile.config.tck.ConverterTest" time="0">
    <skipped/>
  </testcase>
  <testcase name="arquillianBeforeTest" classname="org.eclipse.microprofile.config.tck.ConverterTest" time="0">
    <skipped/>
  </testcase>
  <testcase name="testLocalTime" classname="org.eclipse.microprofile.config.tck.ConverterTest" time="0">
    <skipped/>
  </testcase>
  <testcase name="arquillianBeforeTest" classname="org.eclipse.microprofile.config.tck.ConverterTest" time="0">
    <skipped/>
  </testcase>
  <testcase name="testLocalTime_Broken" classname="org.eclipse.microprofile.config.tck.ConverterTest" time="0">
    <skipped/>
  </testcase>
  <testcase name="arquillianBeforeTest" classname="org.eclipse.microprofile.config.tck.ConverterTest" time="0">
    <skipped/>
  </testcase>
  <testcase name="testLong" classname="org.eclipse.microprofile.config.tck.ConverterTest" time="0">
    <skipped/>
  </testcase>
  <testcase name="arquillianBeforeTest" classname="org.eclipse.microprofile.config.tck.ConverterTest" time="0">
    <skipped/>
  </testcase>
  <testcase name="testLong_Broken" classname="org.eclipse.microprofile.config.tck.ConverterTest" time="0">
    <skipped/>
  </testcase>
  <testcase name="arquillianBeforeTest" classname="org.eclipse.microprofile.config.tck.ConverterTest" time="0">
    <skipped/>
  </testcase>
  <testcase name="testOffsetDateTime" classname="org.eclipse.microprofile.config.tck.ConverterTest" time="0">
    <skipped/>
  </testcase>
  <testcase name="arquillianBeforeTest" classname="org.eclipse.microprofile.config.tck.ConverterTest" time="0">
    <skipped/>
  </testcase>
  <testcase name="testOffsetDateTime_Broken" classname="org.eclipse.microprofile.config.tck.ConverterTest" time="0">
    <skipped/>
  </testcase>
  <testcase name="arquillianBeforeTest" classname="org.eclipse.microprofile.config.tck.ConverterTest" time="0">
    <skipped/>
  </testcase>
  <testcase name="testOffsetTime" classname="org.eclipse.microprofile.config.tck.ConverterTest" time="0">
    <skipped/>
  </testcase>
  <testcase name="arquillianBeforeTest" classname="org.eclipse.microprofile.config.tck.ConverterTest" time="0">
    <skipped/>
  </testcase>
  <testcase name="testOffsetTime_Broken" classname="org.eclipse.microprofile.config.tck.ConverterTest" time="0">
    <skipped/>
  </testcase>
  <testcase name="arquillianBeforeTest" classname="org.eclipse.microprofile.config.tck.ConverterTest" time="0">
    <skipped/>
  </testcase>
  <testcase name="testURLConverter" classname="org.eclipse.microprofile.config.tck.ConverterTest" time="0">
    <skipped/>
  </testcase>
  <testcase name="arquillianBeforeTest" classname="org.eclipse.microprofile.config.tck.ConverterTest" time="0">
    <skipped/>
  </testcase>
  <testcase name="testURLConverterBroken" classname="org.eclipse.microprofile.config.tck.ConverterTest" time="0">
    <skipped/>
  </testcase>
  <testcase name="arquillianBeforeTest" classname="org.eclipse.microprofile.config.tck.ConverterTest" time="0">
    <skipped/>
  </testcase>
  <testcase name="testdouble" classname="org.eclipse.microprofile.config.tck.ConverterTest" time="0">
    <skipped/>
  </testcase>
  <testcase name="arquillianBeforeTest" classname="org.eclipse.microprofile.config.tck.ConverterTest" time="0">
    <skipped/>
  </testcase>
  <testcase name="testfloat" classname="org.eclipse.microprofile.config.tck.ConverterTest" time="0">
    <skipped/>
  </testcase>
  <testcase name="arquillianBeforeTest" classname="org.eclipse.microprofile.config.tck.ConverterTest" time="0">
    <skipped/>
  </testcase>
  <testcase name="testlong" classname="org.eclipse.microprofile.config.tck.ConverterTest" time="0">
    <skipped/>
  </testcase>
  <testcase name="arquillianBeforeClass" classname="org.eclipse.microprofile.config.tck.ConfigProviderTest" time="0">
    <skipped/>
  </testcase>
  <testcase name="arquillianBeforeTest" classname="org.eclipse.microprofile.config.tck.ConfigProviderTest" time="0">
    <skipped/>
  </testcase>
  <testcase name="testDynamicValueInPropertyConfigSource" classname="org.eclipse.microprofile.config.tck.ConfigProviderTest" time="0">
    <skipped/>
  </testcase>
  <testcase name="arquillianBeforeTest" classname="org.eclipse.microprofile.config.tck.ConfigProviderTest" time="0">
    <skipped/>
  </testcase>
  <testcase name="testEnvironmentConfigSource" classname="org.eclipse.microprofile.config.tck.ConfigProviderTest" time="0">
    <skipped/>
  </testcase>
  <testcase name="arquillianBeforeTest" classname="org.eclipse.microprofile.config.tck.ConfigProviderTest" time="0">
    <skipped/>
  </testcase>
  <testcase name="testGetConfigSources" classname="org.eclipse.microprofile.config.tck.ConfigProviderTest" time="0">
    <skipped/>
  </testcase>
  <testcase name="arquillianBeforeTest" classname="org.eclipse.microprofile.config.tck.ConfigProviderTest" time="0">
    <skipped/>
  </testcase>
  <testcase name="testGetPropertyNames" classname="org.eclipse.microprofile.config.tck.ConfigProviderTest" time="0">
    <skipped/>
  </testcase>
  <testcase name="arquillianBeforeTest" classname="org.eclipse.microprofile.config.tck.ConfigProviderTest" time="0">
    <skipped/>
  </testcase>
  <testcase name="testInjectedConfigSerializable" classname="org.eclipse.microprofile.config.tck.ConfigProviderTest" time="0">
    <skipped/>
  </testcase>
  <testcase name="arquillianBeforeTest" classname="org.eclipse.microprofile.config.tck.ConfigProviderTest" time="0">
    <skipped/>
  </testcase>
  <testcase name="testJavaConfigPropertyFilesConfigSource" classname="org.eclipse.microprofile.config.tck.ConfigProviderTest" time="0">
    <skipped/>
  </testcase>
  <testcase name="arquillianBeforeTest" classname="org.eclipse.microprofile.config.tck.ConfigProviderTest" time="0">
    <skipped/>
  </testcase>
  <testcase name="testNonExistingConfigKey" classname="org.eclipse.microprofile.config.tck.ConfigProviderTest" time="0">
    <skipped/>
  </testcase>
  <testcase name="arquillianBeforeTest" classname="org.eclipse.microprofile.config.tck.ConfigProviderTest" time="0">
    <skipped/>
  </testcase>
  <testcase name="testNonExistingConfigKeyGet" classname="org.eclipse.microprofile.config.tck.ConfigProviderTest" time="0">
    <skipped/>
  </testcase>
  <testcase name="arquillianBeforeTest" classname="org.eclipse.microprofile.config.tck.ConfigProviderTest" time="0">
    <skipped/>
  </testcase>
  <testcase name="testPropertyConfigSource" classname="org.eclipse.microprofile.config.tck.ConfigProviderTest" time="0">
    <skipped/>
  </testcase>
  <testcase name="arquillianBeforeClass" classname="org.eclipse.microprofile.config.tck.broken.MissingValueOnInstanceInjectionTest" time="0">
    <skipped/>
  </testcase>
  <testcase name="arquillianBeforeTest" classname="org.eclipse.microprofile.config.tck.broken.MissingValueOnInstanceInjectionTest" time="0">
    <skipped/>
  </testcase>
  <testcase name="test" classname="org.eclipse.microprofile.config.tck.broken.MissingValueOnInstanceInjectionTest" time="0">
    <skipped/>
  </testcase>
  <testcase name="arquillianBeforeClass" classname="org.eclipse.microprofile.config.tck.broken.MissingConverterOnInstanceInjectionTest" time="0">
    <skipped/>
  </testcase>
  <testcase name="arquillianBeforeTest" classname="org.eclipse.microprofile.config.tck.broken.MissingConverterOnInstanceInjectionTest" time="0">
    <skipped/>
  </testcase>
  <testcase name="test" classname="org.eclipse.microprofile.config.tck.broken.MissingConverterOnInstanceInjectionTest" time="0">
    <skipped/>
  </testcase>
  <testcase name="arquillianBeforeClass" classname="org.eclipse.microprofile.config.tck.EmptyValuesTest" time="0">
    <skipped/>
  </testcase>
  <testcase name="arquillianBeforeTest" classname="org.eclipse.microprofile.config.tck.EmptyValuesTest" time="0">
    <skipped/>
  </testcase>
  <testcase name="testEmptyStringProgrammaticLookup" classname="org.eclipse.microprofile.config.tck.EmptyValuesTest" time="0">
    <skipped/>
  </testcase>
  <testcase name="arquillianBeforeTest" classname="org.eclipse.microprofile.config.tck.EmptyValuesTest" time="0">
    <skipped/>
  </testcase>
  <testcase name="testEmptyStringPropertyFromConfigFile" classname="org.eclipse.microprofile.config.tck.EmptyValuesTest" time="0">
    <skipped/>
  </testcase>
  <testcase name="arquillianBeforeTest" classname="org.eclipse.microprofile.config.tck.EmptyValuesTest" time="0">
    <skipped/>
  </testcase>
  <testcase name="testEmptyStringValues" classname="org.eclipse.microprofile.config.tck.EmptyValuesTest" time="0">
    <skipped/>
  </testcase>
  <testcase name="arquillianBeforeClass" classname="org.eclipse.microprofile.config.tck.broken.WrongConverterOnInstanceInjectionTest" time="0">
    <skipped/>
  </testcase>
  <testcase name="arquillianBeforeTest" classname="org.eclipse.microprofile.config.tck.broken.WrongConverterOnInstanceInjectionTest" time="0">
    <skipped/>
  </testcase>
  <testcase name="test" classname="org.eclipse.microprofile.config.tck.broken.WrongConverterOnInstanceInjectionTest" time="0">
    <skipped/>
  </testcase>
  <testcase name="arquillianBeforeClass" classname="org.eclipse.microprofile.config.tck.CustomConfigSourceTest" time="0">
    <skipped/>
  </testcase>
  <testcase name="arquillianBeforeTest" classname="org.eclipse.microprofile.config.tck.CustomConfigSourceTest" time="0">
    <skipped/>
  </testcase>
  <testcase name="testConfigSourceProvider" classname="org.eclipse.microprofile.config.tck.CustomConfigSourceTest" time="0">
    <skipped/>
  </testcase>
  <testcase name="arquillianBeforeClass" classname="org.eclipse.microprofile.config.tck.CDIPlainInjectionTest" time="0">
    <skipped/>
  </testcase>
  <testcase name="arquillianBeforeTest" classname="org.eclipse.microprofile.config.tck.CDIPlainInjectionTest" time="0">
    <skipped/>
  </testcase>
  <testcase name="can_inject_default_property_path" classname="org.eclipse.microprofile.config.tck.CDIPlainInjectionTest" time="0">
    <skipped/>
  </testcase>
  <testcase name="arquillianBeforeTest" classname="org.eclipse.microprofile.config.tck.CDIPlainInjectionTest" time="0">
    <skipped/>
  </testcase>
  <testcase name="can_inject_dynamic_values_via_CDI_provider" classname="org.eclipse.microprofile.config.tck.CDIPlainInjectionTest" time="0">
    <skipped/>
  </testcase>
  <testcase name="arquillianBeforeTest" classname="org.eclipse.microprofile.config.tck.CDIPlainInjectionTest" time="0">
    <skipped/>
  </testcase>
  <testcase name="can_inject_simple_values_when_defined" classname="org.eclipse.microprofile.config.tck.CDIPlainInjectionTest" time="0">
    <skipped/>
  </testcase>
  <testcase name="arquillianBeforeClass" classname="org.eclipse.microprofile.config.tck.AutoDiscoveredConfigSourceTest" time="0">
    <skipped/>
  </testcase>
  <testcase name="arquillianBeforeTest" classname="org.eclipse.microprofile.config.tck.AutoDiscoveredConfigSourceTest" time="0">
    <skipped/>
  </testcase>
  <testcase name="testAutoDiscoveredConfigureSources" classname="org.eclipse.microprofile.config.tck.AutoDiscoveredConfigSourceTest" time="0">
    <skipped/>
  </testcase>
  <testcase name="arquillianBeforeTest" classname="org.eclipse.microprofile.config.tck.AutoDiscoveredConfigSourceTest" time="0">
    <skipped/>
  </testcase>
  <testcase name="testAutoDiscoveredConverterManuallyAdded" classname="org.eclipse.microprofile.config.tck.AutoDiscoveredConfigSourceTest" time="0">
    <skipped/>
  </testcase>
  <testcase name="arquillianBeforeTest" classname="org.eclipse.microprofile.config.tck.AutoDiscoveredConfigSourceTest" time="0">
    <skipped/>
  </testcase>
  <testcase name="testAutoDiscoveredConverterNotAddedAutomatically" classname="org.eclipse.microprofile.config.tck.AutoDiscoveredConfigSourceTest" time="0">
    <skipped/>
  </testcase>
</testsuite>