<?xml version="1.0" encoding="UTF-8"?>
<testsuite name="TestSuite" time="21.685" tests="112" errors="0" skipped="102" failures="8">
  <properties>
    <property name="java.runtime.name" value="Java(TM) SE Runtime Environment"/>
    <property name="sun.boot.library.path" value="/Library/Java/JavaVirtualMachines/jdk1.8.0_144.jdk/Contents/Home/jre/lib"/>
    <property name="java.vm.version" value="25.144-b01"/>
    <property name="gopherProxySet" value="false"/>
    <property name="java.vm.vendor" value="Oracle Corporation"/>
    <property name="maven.multiModuleProjectDirectory" value="/libertyGit/open-liberty/dev/com.ibm.ws.microprofile.config_fat_tck/publish/tckRunner"/>
    <property name="java.vendor.url" value="http://java.oracle.com/"/>
    <property name="path.separator" value=":"/>
    <property name="guice.disable.misplaced.annotation.check" value="true"/>
    <property name="java.vm.name" value="Java HotSpot(TM) 64-Bit Server VM"/>
    <property name="file.encoding.pkg" value="sun.io"/>
    <property name="user.country" value="GB"/>
    <property name="sun.java.launcher" value="SUN_STANDARD"/>
    <property name="sun.os.patch.level" value="unknown"/>
    <property name="java.vm.specification.name" value="Java Virtual Machine Specification"/>
    <property name="user.dir" value="/libertyGit/open-liberty/dev/com.ibm.ws.microprofile.config_fat_tck/publish/tckRunner"/>
    <property name="java.runtime.version" value="1.8.0_144-b01"/>
    <property name="java.awt.graphicsenv" value="sun.awt.CGraphicsEnvironment"/>
    <property name="java.endorsed.dirs" value="/Library/Java/JavaVirtualMachines/jdk1.8.0_144.jdk/Contents/Home/jre/lib/endorsed"/>
    <property name="os.arch" value="x86_64"/>
    <property name="java.io.tmpdir" value="/var/folders/rf/899_dgzj6l9cq307_yky9sq00000gn/T/"/>
    <property name="line.separator" value="&#10;"/>
    <property name="java.vm.specification.vendor" value="Oracle Corporation"/>
    <property name="os.name" value="Mac OS X"/>
    <property name="classworlds.conf" value="/Users/hutchig/maven/apache-maven-3.3.9/bin/m2.conf"/>
    <property name="sun.jnu.encoding" value="UTF-8"/>
    <property name="java.library.path" value="/Users/hutchig/Library/Java/Extensions:/Library/Java/Extensions:/Network/Library/Java/Extensions:/System/Library/Java/Extensions:/usr/lib/java:."/>
    <property name="java.specification.name" value="Java Platform API Specification"/>
    <property name="java.class.version" value="52.0"/>
    <property name="sun.management.compiler" value="HotSpot 64-Bit Tiered Compilers"/>
    <property name="os.version" value="10.12.6"/>
    <property name="user.home" value="/Users/hutchig"/>
    <property name="user.timezone" value="Europe/London"/>
    <property name="java.awt.printerjob" value="sun.lwawt.macosx.CPrinterJob"/>
    <property name="java.specification.version" value="1.8"/>
    <property name="file.encoding" value="UTF-8"/>
    <property name="user.name" value="hutchig"/>
    <property name="java.class.path" value="/Users/hutchig/maven/apache-maven-3.3.9/boot/plexus-classworlds-2.5.2.jar"/>
    <property name="java.vm.specification.version" value="1.8"/>
    <property name="sun.arch.data.model" value="64"/>
    <property name="java.home" value="/Library/Java/JavaVirtualMachines/jdk1.8.0_144.jdk/Contents/Home/jre"/>
    <property name="sun.java.command" value="org.codehaus.plexus.classworlds.launcher.Launcher test"/>
    <property name="java.specification.vendor" value="Oracle Corporation"/>
    <property name="user.language" value="en"/>
    <property name="awt.toolkit" value="sun.lwawt.macosx.LWCToolkit"/>
    <property name="java.vm.info" value="mixed mode"/>
    <property name="java.version" value="1.8.0_144"/>
    <property name="java.ext.dirs" value="/Users/hutchig/Library/Java/Extensions:/Library/Java/JavaVirtualMachines/jdk1.8.0_144.jdk/Contents/Home/jre/lib/ext:/Library/Java/Extensions:/Network/Library/Java/Extensions:/System/Library/Java/Extensions:/usr/lib/java"/>
    <property name="sun.boot.class.path" value="/Library/Java/JavaVirtualMachines/jdk1.8.0_144.jdk/Contents/Home/jre/lib/resources.jar:/Library/Java/JavaVirtualMachines/jdk1.8.0_144.jdk/Contents/Home/jre/lib/rt.jar:/Library/Java/JavaVirtualMachines/jdk1.8.0_144.jdk/Contents/Home/jre/lib/sunrsasign.jar:/Library/Java/JavaVirtualMachines/jdk1.8.0_144.jdk/Contents/Home/jre/lib/jsse.jar:/Library/Java/JavaVirtualMachines/jdk1.8.0_144.jdk/Contents/Home/jre/lib/jce.jar:/Library/Java/JavaVirtualMachines/jdk1.8.0_144.jdk/Contents/Home/jre/lib/charsets.jar:/Library/Java/JavaVirtualMachines/jdk1.8.0_144.jdk/Contents/Home/jre/lib/jfr.jar:/Library/Java/JavaVirtualMachines/jdk1.8.0_144.jdk/Contents/Home/jre/classes"/>
    <property name="java.vendor" value="Oracle Corporation"/>
    <property name="maven.home" value="/Users/hutchig/maven/apache-maven-3.3.9"/>
    <property name="file.separator" value="/"/>
    <property name="java.vendor.url.bug" value="http://bugreport.sun.com/bugreport/"/>
    <property name="sun.cpu.endian" value="little"/>
    <property name="sun.io.unicode.encoding" value="UnicodeBig"/>
    <property name="sun.cpu.isalist" value=""/>
  </properties>
  <testcase name="arquillianBeforeClass" classname="org.eclipse.microprofile.config.tck.CdiOptionalInjectionTest" time="19.357">
    <failure type="java.lang.NullPointerException:">java.lang.NullPointerException: null
	at org.jboss.shrinkwrap.impl.base.container.ContainerBase.addAsLibrary(ContainerBase.java:1836)
	at org.jboss.shrinkwrap.impl.base.container.ContainerBase.addAsLibrary(ContainerBase.java:1778)
	at org.jboss.shrinkwrap.impl.base.container.ContainerBase.addAsLibrary(ContainerBase.java:1752)
	at org.jboss.shrinkwrap.impl.base.container.ContainerBase.addAsLibraries(ContainerBase.java:1914)
	at com.ibm.ws.microprofile.config.test.ArchiveProcessor.process(ArchiveProcessor.java:24)
	at org.jboss.arquillian.container.test.impl.client.deployment.DeploymentGenerator.applyApplicationProcessors(DeploymentGenerator.java:223)
	at org.jboss.arquillian.container.test.impl.client.deployment.DeploymentGenerator.buildTestableDeployments(DeploymentGenerator.java:172)
	at org.jboss.arquillian.container.test.impl.client.deployment.DeploymentGenerator.createTestableDeployments(DeploymentGenerator.java:148)
	at org.jboss.arquillian.container.test.impl.client.deployment.DeploymentGenerator.generateDeployment(DeploymentGenerator.java:85)
	at sun.reflect.NativeMethodAccessorImpl.invoke0(Native Method)
	at sun.reflect.NativeMethodAccessorImpl.invoke(NativeMethodAccessorImpl.java:62)
	at sun.reflect.DelegatingMethodAccessorImpl.invoke(DelegatingMethodAccessorImpl.java:43)
	at java.lang.reflect.Method.invoke(Method.java:498)
	at org.jboss.arquillian.core.impl.ObserverImpl.invoke(ObserverImpl.java:96)
	at org.jboss.arquillian.core.impl.EventContextImpl.invokeObservers(EventContextImpl.java:99)
	at org.jboss.arquillian.core.impl.EventContextImpl.proceed(EventContextImpl.java:81)
	at org.jboss.arquillian.core.impl.ManagerImpl.fire(ManagerImpl.java:145)
	at org.jboss.arquillian.core.impl.ManagerImpl.fire(ManagerImpl.java:116)
	at org.jboss.arquillian.core.impl.EventImpl.fire(EventImpl.java:67)
	at org.jboss.arquillian.container.test.impl.client.ContainerEventController.execute(ContainerEventController.java:100)
	at sun.reflect.NativeMethodAccessorImpl.invoke0(Native Method)
	at sun.reflect.NativeMethodAccessorImpl.invoke(NativeMethodAccessorImpl.java:62)
	at sun.reflect.DelegatingMethodAccessorImpl.invoke(DelegatingMethodAccessorImpl.java:43)
	at java.lang.reflect.Method.invoke(Method.java:498)
	at org.jboss.arquillian.core.impl.ObserverImpl.invoke(ObserverImpl.java:96)
	at org.jboss.arquillian.core.impl.EventContextImpl.invokeObservers(EventContextImpl.java:99)
	at org.jboss.arquillian.core.impl.EventContextImpl.proceed(EventContextImpl.java:81)
	at org.jboss.arquillian.test.impl.TestContextHandler.createClassContext(TestContextHandler.java:92)
	at sun.reflect.NativeMethodAccessorImpl.invoke0(Native Method)
	at sun.reflect.NativeMethodAccessorImpl.invoke(NativeMethodAccessorImpl.java:62)
	at sun.reflect.DelegatingMethodAccessorImpl.invoke(DelegatingMethodAccessorImpl.java:43)
	at java.lang.reflect.Method.invoke(Method.java:498)
	at org.jboss.arquillian.core.impl.ObserverImpl.invoke(ObserverImpl.java:96)
	at org.jboss.arquillian.core.impl.EventContextImpl.proceed(EventContextImpl.java:88)
	at org.jboss.arquillian.test.impl.TestContextHandler.createSuiteContext(TestContextHandler.java:73)
	at sun.reflect.NativeMethodAccessorImpl.invoke0(Native Method)
	at sun.reflect.NativeMethodAccessorImpl.invoke(NativeMethodAccessorImpl.java:62)
	at sun.reflect.DelegatingMethodAccessorImpl.invoke(DelegatingMethodAccessorImpl.java:43)
	at java.lang.reflect.Method.invoke(Method.java:498)
	at org.jboss.arquillian.core.impl.ObserverImpl.invoke(ObserverImpl.java:96)
	at org.jboss.arquillian.core.impl.EventContextImpl.proceed(EventContextImpl.java:88)
	at org.jboss.arquillian.core.impl.ManagerImpl.fire(ManagerImpl.java:145)
	at org.jboss.arquillian.core.impl.ManagerImpl.fire(ManagerImpl.java:116)
	at org.jboss.arquillian.test.impl.EventTestRunnerAdaptor.beforeClass(EventTestRunnerAdaptor.java:87)
	at org.jboss.arquillian.testng.Arquillian.arquillianBeforeClass(Arquillian.java:109)
	at sun.reflect.NativeMethodAccessorImpl.invoke0(Native Method)
	at sun.reflect.NativeMethodAccessorImpl.invoke(NativeMethodAccessorImpl.java:62)
	at sun.reflect.DelegatingMethodAccessorImpl.invoke(DelegatingMethodAccessorImpl.java:43)
	at java.lang.reflect.Method.invoke(Method.java:498)
	at org.testng.internal.MethodInvocationHelper.invokeMethod(MethodInvocationHelper.java:85)
	at org.testng.internal.Invoker.invokeConfigurationMethod(Invoker.java:510)
	at org.testng.internal.Invoker.invokeConfigurations(Invoker.java:211)
	at org.testng.internal.Invoker.invokeConfigurations(Invoker.java:138)
	at org.testng.internal.TestMethodWorker.invokeBeforeClassMethods(TestMethodWorker.java:170)
	at org.testng.internal.TestMethodWorker.run(TestMethodWorker.java:104)
	at org.testng.TestRunner.privateRun(TestRunner.java:774)
	at org.testng.TestRunner.run(TestRunner.java:624)
	at org.testng.SuiteRunner.runTest(SuiteRunner.java:359)
	at org.testng.SuiteRunner.runSequentially(SuiteRunner.java:354)
	at org.testng.SuiteRunner.privateRun(SuiteRunner.java:312)
	at org.testng.SuiteRunner.run(SuiteRunner.java:261)
	at org.testng.SuiteRunnerWorker.runSuite(SuiteRunnerWorker.java:52)
	at org.testng.SuiteRunnerWorker.run(SuiteRunnerWorker.java:86)
	at org.testng.TestNG.runSuitesSequentially(TestNG.java:1215)
	at org.testng.TestNG.runSuitesLocally(TestNG.java:1140)
	at org.testng.TestNG.run(TestNG.java:1048)
	at org.apache.maven.surefire.testng.TestNGExecutor.run(TestNGExecutor.java:293)
	at org.apache.maven.surefire.testng.TestNGXmlTestSuite.execute(TestNGXmlTestSuite.java:84)
	at org.apache.maven.surefire.testng.TestNGProvider.invoke(TestNGProvider.java:91)
	at org.apache.maven.surefire.booter.ForkedBooter.invokeProviderInSameClassLoader(ForkedBooter.java:200)
	at org.apache.maven.surefire.booter.ForkedBooter.runSuitesInProcess(ForkedBooter.java:153)
	at org.apache.maven.surefire.booter.ForkedBooter.main(ForkedBooter.java:103)
</failure>
    <system-out><![CDATA[...
... TestNG 6.9.9 by CÃ©dric Beust (cedric@beust.com)
...

WLP: Adding Extension
Launching server1 (WebSphere Application Server 17.0.0.3/wlp-1.0.18.cl170320170927-1854) on Java HotSpot(TM) 64-Bit Server VM, version 1.8.0_144-b01 (en_GB)
[AUDIT   ] CWWKE0001I: The server server1 has been launched.
[AUDIT   ] CWWKE0100I: This product is licensed for development, and limited production use. The full license terms can be viewed here: https://public.dhe.ibm.com/ibmdl/export/pub/software/websphere/wasdev/license/base_ilan/ilan/17.0.0.3/lafiles/en.html
[AUDIT   ] CWWKZ0058I: Monitoring dropins for applications. 
[AUDIT   ] CWWKF0012I: The server installed the following features: [jsp-2.3, ejbLite-3.2, managedBeans-1.0, servlet-3.1, jsf-2.2, beanValidation-1.1, ssl-1.0, jndi-1.0, localConnector-1.0, appSecurity-2.0, jsonp-1.0, jdbc-4.1, jaxrs-2.0, el-3.0, jaxrsClient-2.0, json-1.0, jpaContainer-2.1, cdi-1.2, distributedMap-1.0, webProfile-7.0, websocket-1.1, jpa-2.1].
[AUDIT   ] CWWKF0011I: The server server1 is ready to run a smarter planet.
WLP: Adding Jar:/libertyGit/open-liberty/dev/com.ibm.ws.microprofile.config_fat_tck/publish/tckRunner/tck/../lib/hamcrest-all-1.3.jar
]]></system-out>
  </testcase>
  <testcase name="arquillianBeforeTest" classname="org.eclipse.microprofile.config.tck.CdiOptionalInjectionTest" time="0">
    <skipped/>
  </testcase>
  <testcase name="testOptionalInjection" classname="org.eclipse.microprofile.config.tck.CdiOptionalInjectionTest" time="0">
    <skipped/>
  </testcase>
  <testcase name="arquillianBeforeClass" classname="org.eclipse.microprofile.config.tck.CustomConfigSourceTest" time="0.008">
    <failure type="java.lang.NullPointerException:">java.lang.NullPointerException: null
	at org.jboss.shrinkwrap.impl.base.container.ContainerBase.addAsLibrary(ContainerBase.java:1836)
	at org.jboss.shrinkwrap.impl.base.container.ContainerBase.addAsLibrary(ContainerBase.java:1778)
	at org.jboss.shrinkwrap.impl.base.container.ContainerBase.addAsLibrary(ContainerBase.java:1752)
	at org.jboss.shrinkwrap.impl.base.container.ContainerBase.addAsLibraries(ContainerBase.java:1914)
	at com.ibm.ws.microprofile.config.test.ArchiveProcessor.process(ArchiveProcessor.java:24)
	at org.jboss.arquillian.container.test.impl.client.deployment.DeploymentGenerator.applyApplicationProcessors(DeploymentGenerator.java:223)
	at org.jboss.arquillian.container.test.impl.client.deployment.DeploymentGenerator.buildTestableDeployments(DeploymentGenerator.java:172)
	at org.jboss.arquillian.container.test.impl.client.deployment.DeploymentGenerator.createTestableDeployments(DeploymentGenerator.java:148)
	at org.jboss.arquillian.container.test.impl.client.deployment.DeploymentGenerator.generateDeployment(DeploymentGenerator.java:85)
	at sun.reflect.NativeMethodAccessorImpl.invoke0(Native Method)
	at sun.reflect.NativeMethodAccessorImpl.invoke(NativeMethodAccessorImpl.java:62)
	at sun.reflect.DelegatingMethodAccessorImpl.invoke(DelegatingMethodAccessorImpl.java:43)
	at java.lang.reflect.Method.invoke(Method.java:498)
	at org.jboss.arquillian.core.impl.ObserverImpl.invoke(ObserverImpl.java:96)
	at org.jboss.arquillian.core.impl.EventContextImpl.invokeObservers(EventContextImpl.java:99)
	at org.jboss.arquillian.core.impl.EventContextImpl.proceed(EventContextImpl.java:81)
	at org.jboss.arquillian.core.impl.ManagerImpl.fire(ManagerImpl.java:145)
	at org.jboss.arquillian.core.impl.ManagerImpl.fire(ManagerImpl.java:116)
	at org.jboss.arquillian.core.impl.EventImpl.fire(EventImpl.java:67)
	at org.jboss.arquillian.container.test.impl.client.ContainerEventController.execute(ContainerEventController.java:100)
	at sun.reflect.NativeMethodAccessorImpl.invoke0(Native Method)
	at sun.reflect.NativeMethodAccessorImpl.invoke(NativeMethodAccessorImpl.java:62)
	at sun.reflect.DelegatingMethodAccessorImpl.invoke(DelegatingMethodAccessorImpl.java:43)
	at java.lang.reflect.Method.invoke(Method.java:498)
	at org.jboss.arquillian.core.impl.ObserverImpl.invoke(ObserverImpl.java:96)
	at org.jboss.arquillian.core.impl.EventContextImpl.invokeObservers(EventContextImpl.java:99)
	at org.jboss.arquillian.core.impl.EventContextImpl.proceed(EventContextImpl.java:81)
	at org.jboss.arquillian.test.impl.TestContextHandler.createClassContext(TestContextHandler.java:92)
	at sun.reflect.NativeMethodAccessorImpl.invoke0(Native Method)
	at sun.reflect.NativeMethodAccessorImpl.invoke(NativeMethodAccessorImpl.java:62)
	at sun.reflect.DelegatingMethodAccessorImpl.invoke(DelegatingMethodAccessorImpl.java:43)
	at java.lang.reflect.Method.invoke(Method.java:498)
	at org.jboss.arquillian.core.impl.ObserverImpl.invoke(ObserverImpl.java:96)
	at org.jboss.arquillian.core.impl.EventContextImpl.proceed(EventContextImpl.java:88)
	at org.jboss.arquillian.test.impl.TestContextHandler.createSuiteContext(TestContextHandler.java:73)
	at sun.reflect.NativeMethodAccessorImpl.invoke0(Native Method)
	at sun.reflect.NativeMethodAccessorImpl.invoke(NativeMethodAccessorImpl.java:62)
	at sun.reflect.DelegatingMethodAccessorImpl.invoke(DelegatingMethodAccessorImpl.java:43)
	at java.lang.reflect.Method.invoke(Method.java:498)
	at org.jboss.arquillian.core.impl.ObserverImpl.invoke(ObserverImpl.java:96)
	at org.jboss.arquillian.core.impl.EventContextImpl.proceed(EventContextImpl.java:88)
	at org.jboss.arquillian.core.impl.ManagerImpl.fire(ManagerImpl.java:145)
	at org.jboss.arquillian.core.impl.ManagerImpl.fire(ManagerImpl.java:116)
	at org.jboss.arquillian.test.impl.EventTestRunnerAdaptor.beforeClass(EventTestRunnerAdaptor.java:87)
	at org.jboss.arquillian.testng.Arquillian.arquillianBeforeClass(Arquillian.java:109)
	at sun.reflect.NativeMethodAccessorImpl.invoke0(Native Method)
	at sun.reflect.NativeMethodAccessorImpl.invoke(NativeMethodAccessorImpl.java:62)
	at sun.reflect.DelegatingMethodAccessorImpl.invoke(DelegatingMethodAccessorImpl.java:43)
	at java.lang.reflect.Method.invoke(Method.java:498)
	at org.testng.internal.MethodInvocationHelper.invokeMethod(MethodInvocationHelper.java:85)
	at org.testng.internal.Invoker.invokeConfigurationMethod(Invoker.java:510)
	at org.testng.internal.Invoker.invokeConfigurations(Invoker.java:211)
	at org.testng.internal.Invoker.invokeConfigurations(Invoker.java:138)
	at org.testng.internal.TestMethodWorker.invokeBeforeClassMethods(TestMethodWorker.java:170)
	at org.testng.internal.TestMethodWorker.run(TestMethodWorker.java:104)
	at org.testng.TestRunner.privateRun(TestRunner.java:774)
	at org.testng.TestRunner.run(TestRunner.java:624)
	at org.testng.SuiteRunner.runTest(SuiteRunner.java:359)
	at org.testng.SuiteRunner.runSequentially(SuiteRunner.java:354)
	at org.testng.SuiteRunner.privateRun(SuiteRunner.java:312)
	at org.testng.SuiteRunner.run(SuiteRunner.java:261)
	at org.testng.SuiteRunnerWorker.runSuite(SuiteRunnerWorker.java:52)
	at org.testng.SuiteRunnerWorker.run(SuiteRunnerWorker.java:86)
	at org.testng.TestNG.runSuitesSequentially(TestNG.java:1215)
	at org.testng.TestNG.runSuitesLocally(TestNG.java:1140)
	at org.testng.TestNG.run(TestNG.java:1048)
	at org.apache.maven.surefire.testng.TestNGExecutor.run(TestNGExecutor.java:293)
	at org.apache.maven.surefire.testng.TestNGXmlTestSuite.execute(TestNGXmlTestSuite.java:84)
	at org.apache.maven.surefire.testng.TestNGProvider.invoke(TestNGProvider.java:91)
	at org.apache.maven.surefire.booter.ForkedBooter.invokeProviderInSameClassLoader(ForkedBooter.java:200)
	at org.apache.maven.surefire.booter.ForkedBooter.runSuitesInProcess(ForkedBooter.java:153)
	at org.apache.maven.surefire.booter.ForkedBooter.main(ForkedBooter.java:103)
</failure>
    <system-out><![CDATA[WLP: Adding Jar:/libertyGit/open-liberty/dev/com.ibm.ws.microprofile.config_fat_tck/publish/tckRunner/tck/../lib/hamcrest-all-1.3.jar
]]></system-out>
  </testcase>
  <testcase name="arquillianBeforeTest" classname="org.eclipse.microprofile.config.tck.CustomConfigSourceTest" time="0">
    <skipped/>
  </testcase>
  <testcase name="testConfigSourceProvider" classname="org.eclipse.microprofile.config.tck.CustomConfigSourceTest" time="0">
    <skipped/>
  </testcase>
  <testcase name="arquillianBeforeClass" classname="org.eclipse.microprofile.config.tck.broken.MissingConverterOnInstanceInjectionTest" time="1.222">
    <failure message="Expected exception of type javax.enterprise.inject.spi.DeploymentException during deployment of _DEFAULT_, but no exception was thrown." type="java.lang.RuntimeException">java.lang.RuntimeException: Expected exception of type javax.enterprise.inject.spi.DeploymentException during deployment of _DEFAULT_, but no exception was thrown.
	at org.jboss.arquillian.container.impl.client.container.DeploymentExceptionHandler.verifyExpectedExceptionDuringDeploy(DeploymentExceptionHandler.java:56)
	at sun.reflect.NativeMethodAccessorImpl.invoke0(Native Method)
	at sun.reflect.NativeMethodAccessorImpl.invoke(NativeMethodAccessorImpl.java:62)
	at sun.reflect.DelegatingMethodAccessorImpl.invoke(DelegatingMethodAccessorImpl.java:43)
	at java.lang.reflect.Method.invoke(Method.java:498)
	at org.jboss.arquillian.core.impl.ObserverImpl.invoke(ObserverImpl.java:96)
	at org.jboss.arquillian.core.impl.EventContextImpl.proceed(EventContextImpl.java:88)
	at org.jboss.arquillian.container.impl.client.ContainerDeploymentContextHandler.createDeploymentContext(ContainerDeploymentContextHandler.java:78)
	at sun.reflect.NativeMethodAccessorImpl.invoke0(Native Method)
	at sun.reflect.NativeMethodAccessorImpl.invoke(NativeMethodAccessorImpl.java:62)
	at sun.reflect.DelegatingMethodAccessorImpl.invoke(DelegatingMethodAccessorImpl.java:43)
	at java.lang.reflect.Method.invoke(Method.java:498)
	at org.jboss.arquillian.core.impl.ObserverImpl.invoke(ObserverImpl.java:96)
	at org.jboss.arquillian.core.impl.EventContextImpl.proceed(EventContextImpl.java:88)
	at org.jboss.arquillian.container.impl.client.ContainerDeploymentContextHandler.createContainerContext(ContainerDeploymentContextHandler.java:57)
	at sun.reflect.NativeMethodAccessorImpl.invoke0(Native Method)
	at sun.reflect.NativeMethodAccessorImpl.invoke(NativeMethodAccessorImpl.java:62)
	at sun.reflect.DelegatingMethodAccessorImpl.invoke(DelegatingMethodAccessorImpl.java:43)
	at java.lang.reflect.Method.invoke(Method.java:498)
	at org.jboss.arquillian.core.impl.ObserverImpl.invoke(ObserverImpl.java:96)
	at org.jboss.arquillian.core.impl.EventContextImpl.proceed(EventContextImpl.java:88)
	at org.jboss.arquillian.core.impl.ManagerImpl.fire(ManagerImpl.java:145)
	at org.jboss.arquillian.core.impl.ManagerImpl.fire(ManagerImpl.java:116)
	at org.jboss.arquillian.core.impl.EventImpl.fire(EventImpl.java:67)
	at org.jboss.arquillian.container.impl.client.container.ContainerDeployController$1.perform(ContainerDeployController.java:95)
	at org.jboss.arquillian.container.impl.client.container.ContainerDeployController$1.perform(ContainerDeployController.java:80)
	at org.jboss.arquillian.container.impl.client.container.ContainerDeployController.forEachDeployment(ContainerDeployController.java:263)
	at org.jboss.arquillian.container.impl.client.container.ContainerDeployController.forEachManagedDeployment(ContainerDeployController.java:239)
	at org.jboss.arquillian.container.impl.client.container.ContainerDeployController.deployManaged(ContainerDeployController.java:79)
	at sun.reflect.NativeMethodAccessorImpl.invoke0(Native Method)
	at sun.reflect.NativeMethodAccessorImpl.invoke(NativeMethodAccessorImpl.java:62)
	at sun.reflect.DelegatingMethodAccessorImpl.invoke(DelegatingMethodAccessorImpl.java:43)
	at java.lang.reflect.Method.invoke(Method.java:498)
	at org.jboss.arquillian.core.impl.ObserverImpl.invoke(ObserverImpl.java:96)
	at org.jboss.arquillian.core.impl.EventContextImpl.invokeObservers(EventContextImpl.java:99)
	at org.jboss.arquillian.core.impl.EventContextImpl.proceed(EventContextImpl.java:81)
	at org.jboss.arquillian.core.impl.ManagerImpl.fire(ManagerImpl.java:145)
	at org.jboss.arquillian.core.impl.ManagerImpl.fire(ManagerImpl.java:116)
	at org.jboss.arquillian.core.impl.EventImpl.fire(EventImpl.java:67)
	at org.jboss.arquillian.container.test.impl.client.ContainerEventController.execute(ContainerEventController.java:101)
	at sun.reflect.NativeMethodAccessorImpl.invoke0(Native Method)
	at sun.reflect.NativeMethodAccessorImpl.invoke(NativeMethodAccessorImpl.java:62)
	at sun.reflect.DelegatingMethodAccessorImpl.invoke(DelegatingMethodAccessorImpl.java:43)
	at java.lang.reflect.Method.invoke(Method.java:498)
	at org.jboss.arquillian.core.impl.ObserverImpl.invoke(ObserverImpl.java:96)
	at org.jboss.arquillian.core.impl.EventContextImpl.invokeObservers(EventContextImpl.java:99)
	at org.jboss.arquillian.core.impl.EventContextImpl.proceed(EventContextImpl.java:81)
	at org.jboss.arquillian.test.impl.TestContextHandler.createClassContext(TestContextHandler.java:92)
	at sun.reflect.NativeMethodAccessorImpl.invoke0(Native Method)
	at sun.reflect.NativeMethodAccessorImpl.invoke(NativeMethodAccessorImpl.java:62)
	at sun.reflect.DelegatingMethodAccessorImpl.invoke(DelegatingMethodAccessorImpl.java:43)
	at java.lang.reflect.Method.invoke(Method.java:498)
	at org.jboss.arquillian.core.impl.ObserverImpl.invoke(ObserverImpl.java:96)
	at org.jboss.arquillian.core.impl.EventContextImpl.proceed(EventContextImpl.java:88)
	at org.jboss.arquillian.test.impl.TestContextHandler.createSuiteContext(TestContextHandler.java:73)
	at sun.reflect.NativeMethodAccessorImpl.invoke0(Native Method)
	at sun.reflect.NativeMethodAccessorImpl.invoke(NativeMethodAccessorImpl.java:62)
	at sun.reflect.DelegatingMethodAccessorImpl.invoke(DelegatingMethodAccessorImpl.java:43)
	at java.lang.reflect.Method.invoke(Method.java:498)
	at org.jboss.arquillian.core.impl.ObserverImpl.invoke(ObserverImpl.java:96)
	at org.jboss.arquillian.core.impl.EventContextImpl.proceed(EventContextImpl.java:88)
	at org.jboss.arquillian.core.impl.ManagerImpl.fire(ManagerImpl.java:145)
	at org.jboss.arquillian.core.impl.ManagerImpl.fire(ManagerImpl.java:116)
	at org.jboss.arquillian.test.impl.EventTestRunnerAdaptor.beforeClass(EventTestRunnerAdaptor.java:87)
	at org.jboss.arquillian.testng.Arquillian.arquillianBeforeClass(Arquillian.java:109)
	at sun.reflect.NativeMethodAccessorImpl.invoke0(Native Method)
	at sun.reflect.NativeMethodAccessorImpl.invoke(NativeMethodAccessorImpl.java:62)
	at sun.reflect.DelegatingMethodAccessorImpl.invoke(DelegatingMethodAccessorImpl.java:43)
	at java.lang.reflect.Method.invoke(Method.java:498)
	at org.testng.internal.MethodInvocationHelper.invokeMethod(MethodInvocationHelper.java:85)
	at org.testng.internal.Invoker.invokeConfigurationMethod(Invoker.java:510)
	at org.testng.internal.Invoker.invokeConfigurations(Invoker.java:211)
	at org.testng.internal.Invoker.invokeConfigurations(Invoker.java:138)
	at org.testng.internal.TestMethodWorker.invokeBeforeClassMethods(TestMethodWorker.java:170)
	at org.testng.internal.TestMethodWorker.run(TestMethodWorker.java:104)
	at org.testng.TestRunner.privateRun(TestRunner.java:774)
	at org.testng.TestRunner.run(TestRunner.java:624)
	at org.testng.SuiteRunner.runTest(SuiteRunner.java:359)
	at org.testng.SuiteRunner.runSequentially(SuiteRunner.java:354)
	at org.testng.SuiteRunner.privateRun(SuiteRunner.java:312)
	at org.testng.SuiteRunner.run(SuiteRunner.java:261)
	at org.testng.SuiteRunnerWorker.runSuite(SuiteRunnerWorker.java:52)
	at org.testng.SuiteRunnerWorker.run(SuiteRunnerWorker.java:86)
	at org.testng.TestNG.runSuitesSequentially(TestNG.java:1215)
	at org.testng.TestNG.runSuitesLocally(TestNG.java:1140)
	at org.testng.TestNG.run(TestNG.java:1048)
	at org.apache.maven.surefire.testng.TestNGExecutor.run(TestNGExecutor.java:293)
	at org.apache.maven.surefire.testng.TestNGXmlTestSuite.execute(TestNGXmlTestSuite.java:84)
	at org.apache.maven.surefire.testng.TestNGProvider.invoke(TestNGProvider.java:91)
	at org.apache.maven.surefire.booter.ForkedBooter.invokeProviderInSameClassLoader(ForkedBooter.java:200)
	at org.apache.maven.surefire.booter.ForkedBooter.runSuitesInProcess(ForkedBooter.java:153)
	at org.apache.maven.surefire.booter.ForkedBooter.main(ForkedBooter.java:103)
</failure>
    <system-out><![CDATA[GDH1
[AUDIT   ] CWWKT0016I: Web application available (default_host): http://localhost:9080/missingConverterOnInstanceInjectionTest/
[AUDIT   ] CWWKZ0001I: Application missingConverterOnInstanceInjectionTest started in 0.813 seconds.
]]></system-out>
  </testcase>
  <testcase name="arquillianBeforeTest" classname="org.eclipse.microprofile.config.tck.broken.MissingConverterOnInstanceInjectionTest" time="0">
    <skipped/>
  </testcase>
  <testcase name="test" classname="org.eclipse.microprofile.config.tck.broken.MissingConverterOnInstanceInjectionTest" time="0">
    <skipped/>
  </testcase>
  <testcase name="test" classname="org.eclipse.microprofile.config.tck.broken.MissingValueOnInstanceInjectionTest" time="0.004"/>
  <testcase name="arquillianBeforeClass" classname="org.eclipse.microprofile.config.tck.CDIPlainInjectionTest" time="0.541">
    <failure type="java.lang.NullPointerException:">java.lang.NullPointerException: null
	at org.jboss.shrinkwrap.impl.base.container.ContainerBase.addAsLibrary(ContainerBase.java:1836)
	at org.jboss.shrinkwrap.impl.base.container.ContainerBase.addAsLibrary(ContainerBase.java:1778)
	at org.jboss.shrinkwrap.impl.base.container.ContainerBase.addAsLibrary(ContainerBase.java:1752)
	at org.jboss.shrinkwrap.impl.base.container.ContainerBase.addAsLibraries(ContainerBase.java:1914)
	at com.ibm.ws.microprofile.config.test.ArchiveProcessor.process(ArchiveProcessor.java:24)
	at org.jboss.arquillian.container.test.impl.client.deployment.DeploymentGenerator.applyApplicationProcessors(DeploymentGenerator.java:223)
	at org.jboss.arquillian.container.test.impl.client.deployment.DeploymentGenerator.buildTestableDeployments(DeploymentGenerator.java:172)
	at org.jboss.arquillian.container.test.impl.client.deployment.DeploymentGenerator.createTestableDeployments(DeploymentGenerator.java:148)
	at org.jboss.arquillian.container.test.impl.client.deployment.DeploymentGenerator.generateDeployment(DeploymentGenerator.java:85)
	at sun.reflect.NativeMethodAccessorImpl.invoke0(Native Method)
	at sun.reflect.NativeMethodAccessorImpl.invoke(NativeMethodAccessorImpl.java:62)
	at sun.reflect.DelegatingMethodAccessorImpl.invoke(DelegatingMethodAccessorImpl.java:43)
	at java.lang.reflect.Method.invoke(Method.java:498)
	at org.jboss.arquillian.core.impl.ObserverImpl.invoke(ObserverImpl.java:96)
	at org.jboss.arquillian.core.impl.EventContextImpl.invokeObservers(EventContextImpl.java:99)
	at org.jboss.arquillian.core.impl.EventContextImpl.proceed(EventContextImpl.java:81)
	at org.jboss.arquillian.core.impl.ManagerImpl.fire(ManagerImpl.java:145)
	at org.jboss.arquillian.core.impl.ManagerImpl.fire(ManagerImpl.java:116)
	at org.jboss.arquillian.core.impl.EventImpl.fire(EventImpl.java:67)
	at org.jboss.arquillian.container.test.impl.client.ContainerEventController.execute(ContainerEventController.java:100)
	at sun.reflect.NativeMethodAccessorImpl.invoke0(Native Method)
	at sun.reflect.NativeMethodAccessorImpl.invoke(NativeMethodAccessorImpl.java:62)
	at sun.reflect.DelegatingMethodAccessorImpl.invoke(DelegatingMethodAccessorImpl.java:43)
	at java.lang.reflect.Method.invoke(Method.java:498)
	at org.jboss.arquillian.core.impl.ObserverImpl.invoke(ObserverImpl.java:96)
	at org.jboss.arquillian.core.impl.EventContextImpl.invokeObservers(EventContextImpl.java:99)
	at org.jboss.arquillian.core.impl.EventContextImpl.proceed(EventContextImpl.java:81)
	at org.jboss.arquillian.test.impl.TestContextHandler.createClassContext(TestContextHandler.java:92)
	at sun.reflect.NativeMethodAccessorImpl.invoke0(Native Method)
	at sun.reflect.NativeMethodAccessorImpl.invoke(NativeMethodAccessorImpl.java:62)
	at sun.reflect.DelegatingMethodAccessorImpl.invoke(DelegatingMethodAccessorImpl.java:43)
	at java.lang.reflect.Method.invoke(Method.java:498)
	at org.jboss.arquillian.core.impl.ObserverImpl.invoke(ObserverImpl.java:96)
	at org.jboss.arquillian.core.impl.EventContextImpl.proceed(EventContextImpl.java:88)
	at org.jboss.arquillian.test.impl.TestContextHandler.createSuiteContext(TestContextHandler.java:73)
	at sun.reflect.NativeMethodAccessorImpl.invoke0(Native Method)
	at sun.reflect.NativeMethodAccessorImpl.invoke(NativeMethodAccessorImpl.java:62)
	at sun.reflect.DelegatingMethodAccessorImpl.invoke(DelegatingMethodAccessorImpl.java:43)
	at java.lang.reflect.Method.invoke(Method.java:498)
	at org.jboss.arquillian.core.impl.ObserverImpl.invoke(ObserverImpl.java:96)
	at org.jboss.arquillian.core.impl.EventContextImpl.proceed(EventContextImpl.java:88)
	at org.jboss.arquillian.core.impl.ManagerImpl.fire(ManagerImpl.java:145)
	at org.jboss.arquillian.core.impl.ManagerImpl.fire(ManagerImpl.java:116)
	at org.jboss.arquillian.test.impl.EventTestRunnerAdaptor.beforeClass(EventTestRunnerAdaptor.java:87)
	at org.jboss.arquillian.testng.Arquillian.arquillianBeforeClass(Arquillian.java:109)
	at sun.reflect.NativeMethodAccessorImpl.invoke0(Native Method)
	at sun.reflect.NativeMethodAccessorImpl.invoke(NativeMethodAccessorImpl.java:62)
	at sun.reflect.DelegatingMethodAccessorImpl.invoke(DelegatingMethodAccessorImpl.java:43)
	at java.lang.reflect.Method.invoke(Method.java:498)
	at org.testng.internal.MethodInvocationHelper.invokeMethod(MethodInvocationHelper.java:85)
	at org.testng.internal.Invoker.invokeConfigurationMethod(Invoker.java:510)
	at org.testng.internal.Invoker.invokeConfigurations(Invoker.java:211)
	at org.testng.internal.Invoker.invokeConfigurations(Invoker.java:138)
	at org.testng.internal.TestMethodWorker.invokeBeforeClassMethods(TestMethodWorker.java:170)
	at org.testng.internal.TestMethodWorker.run(TestMethodWorker.java:104)
	at org.testng.TestRunner.privateRun(TestRunner.java:774)
	at org.testng.TestRunner.run(TestRunner.java:624)
	at org.testng.SuiteRunner.runTest(SuiteRunner.java:359)
	at org.testng.SuiteRunner.runSequentially(SuiteRunner.java:354)
	at org.testng.SuiteRunner.privateRun(SuiteRunner.java:312)
	at org.testng.SuiteRunner.run(SuiteRunner.java:261)
	at org.testng.SuiteRunnerWorker.runSuite(SuiteRunnerWorker.java:52)
	at org.testng.SuiteRunnerWorker.run(SuiteRunnerWorker.java:86)
	at org.testng.TestNG.runSuitesSequentially(TestNG.java:1215)
	at org.testng.TestNG.runSuitesLocally(TestNG.java:1140)
	at org.testng.TestNG.run(TestNG.java:1048)
	at org.apache.maven.surefire.testng.TestNGExecutor.run(TestNGExecutor.java:293)
	at org.apache.maven.surefire.testng.TestNGXmlTestSuite.execute(TestNGXmlTestSuite.java:84)
	at org.apache.maven.surefire.testng.TestNGProvider.invoke(TestNGProvider.java:91)
	at org.apache.maven.surefire.booter.ForkedBooter.invokeProviderInSameClassLoader(ForkedBooter.java:200)
	at org.apache.maven.surefire.booter.ForkedBooter.runSuitesInProcess(ForkedBooter.java:153)
	at org.apache.maven.surefire.booter.ForkedBooter.main(ForkedBooter.java:103)
</failure>
    <system-out><![CDATA[GDH1
WLP: Adding Jar:/libertyGit/open-liberty/dev/com.ibm.ws.microprofile.config_fat_tck/publish/tckRunner/tck/../lib/hamcrest-all-1.3.jar
]]></system-out>
  </testcase>
  <testcase name="arquillianBeforeTest" classname="org.eclipse.microprofile.config.tck.CDIPlainInjectionTest" time="0">
    <skipped/>
  </testcase>
  <testcase name="can_inject_default_property_path" classname="org.eclipse.microprofile.config.tck.CDIPlainInjectionTest" time="0">
    <skipped/>
  </testcase>
  <testcase name="arquillianBeforeTest" classname="org.eclipse.microprofile.config.tck.CDIPlainInjectionTest" time="0">
    <skipped/>
  </testcase>
  <testcase name="can_inject_dynamic_values_via_CDI_provider" classname="org.eclipse.microprofile.config.tck.CDIPlainInjectionTest" time="0">
    <skipped/>
  </testcase>
  <testcase name="arquillianBeforeTest" classname="org.eclipse.microprofile.config.tck.CDIPlainInjectionTest" time="0">
    <skipped/>
  </testcase>
  <testcase name="can_inject_simple_values_when_defined" classname="org.eclipse.microprofile.config.tck.CDIPlainInjectionTest" time="0">
    <skipped/>
  </testcase>
  <testcase name="arquillianBeforeClass" classname="org.eclipse.microprofile.config.tck.EmptyValuesTest" time="0.006">
    <failure type="java.lang.NullPointerException:">java.lang.NullPointerException: null
	at org.jboss.shrinkwrap.impl.base.container.ContainerBase.addAsLibrary(ContainerBase.java:1836)
	at org.jboss.shrinkwrap.impl.base.container.ContainerBase.addAsLibrary(ContainerBase.java:1778)
	at org.jboss.shrinkwrap.impl.base.container.ContainerBase.addAsLibrary(ContainerBase.java:1752)
	at org.jboss.shrinkwrap.impl.base.container.ContainerBase.addAsLibraries(ContainerBase.java:1914)
	at com.ibm.ws.microprofile.config.test.ArchiveProcessor.process(ArchiveProcessor.java:24)
	at org.jboss.arquillian.container.test.impl.client.deployment.DeploymentGenerator.applyApplicationProcessors(DeploymentGenerator.java:223)
	at org.jboss.arquillian.container.test.impl.client.deployment.DeploymentGenerator.buildTestableDeployments(DeploymentGenerator.java:172)
	at org.jboss.arquillian.container.test.impl.client.deployment.DeploymentGenerator.createTestableDeployments(DeploymentGenerator.java:148)
	at org.jboss.arquillian.container.test.impl.client.deployment.DeploymentGenerator.generateDeployment(DeploymentGenerator.java:85)
	at sun.reflect.NativeMethodAccessorImpl.invoke0(Native Method)
	at sun.reflect.NativeMethodAccessorImpl.invoke(NativeMethodAccessorImpl.java:62)
	at sun.reflect.DelegatingMethodAccessorImpl.invoke(DelegatingMethodAccessorImpl.java:43)
	at java.lang.reflect.Method.invoke(Method.java:498)
	at org.jboss.arquillian.core.impl.ObserverImpl.invoke(ObserverImpl.java:96)
	at org.jboss.arquillian.core.impl.EventContextImpl.invokeObservers(EventContextImpl.java:99)
	at org.jboss.arquillian.core.impl.EventContextImpl.proceed(EventContextImpl.java:81)
	at org.jboss.arquillian.core.impl.ManagerImpl.fire(ManagerImpl.java:145)
	at org.jboss.arquillian.core.impl.ManagerImpl.fire(ManagerImpl.java:116)
	at org.jboss.arquillian.core.impl.EventImpl.fire(EventImpl.java:67)
	at org.jboss.arquillian.container.test.impl.client.ContainerEventController.execute(ContainerEventController.java:100)
	at sun.reflect.NativeMethodAccessorImpl.invoke0(Native Method)
	at sun.reflect.NativeMethodAccessorImpl.invoke(NativeMethodAccessorImpl.java:62)
	at sun.reflect.DelegatingMethodAccessorImpl.invoke(DelegatingMethodAccessorImpl.java:43)
	at java.lang.reflect.Method.invoke(Method.java:498)
	at org.jboss.arquillian.core.impl.ObserverImpl.invoke(ObserverImpl.java:96)
	at org.jboss.arquillian.core.impl.EventContextImpl.invokeObservers(EventContextImpl.java:99)
	at org.jboss.arquillian.core.impl.EventContextImpl.proceed(EventContextImpl.java:81)
	at org.jboss.arquillian.test.impl.TestContextHandler.createClassContext(TestContextHandler.java:92)
	at sun.reflect.NativeMethodAccessorImpl.invoke0(Native Method)
	at sun.reflect.NativeMethodAccessorImpl.invoke(NativeMethodAccessorImpl.java:62)
	at sun.reflect.DelegatingMethodAccessorImpl.invoke(DelegatingMethodAccessorImpl.java:43)
	at java.lang.reflect.Method.invoke(Method.java:498)
	at org.jboss.arquillian.core.impl.ObserverImpl.invoke(ObserverImpl.java:96)
	at org.jboss.arquillian.core.impl.EventContextImpl.proceed(EventContextImpl.java:88)
	at org.jboss.arquillian.test.impl.TestContextHandler.createSuiteContext(TestContextHandler.java:73)
	at sun.reflect.NativeMethodAccessorImpl.invoke0(Native Method)
	at sun.reflect.NativeMethodAccessorImpl.invoke(NativeMethodAccessorImpl.java:62)
	at sun.reflect.DelegatingMethodAccessorImpl.invoke(DelegatingMethodAccessorImpl.java:43)
	at java.lang.reflect.Method.invoke(Method.java:498)
	at org.jboss.arquillian.core.impl.ObserverImpl.invoke(ObserverImpl.java:96)
	at org.jboss.arquillian.core.impl.EventContextImpl.proceed(EventContextImpl.java:88)
	at org.jboss.arquillian.core.impl.ManagerImpl.fire(ManagerImpl.java:145)
	at org.jboss.arquillian.core.impl.ManagerImpl.fire(ManagerImpl.java:116)
	at org.jboss.arquillian.test.impl.EventTestRunnerAdaptor.beforeClass(EventTestRunnerAdaptor.java:87)
	at org.jboss.arquillian.testng.Arquillian.arquillianBeforeClass(Arquillian.java:109)
	at sun.reflect.NativeMethodAccessorImpl.invoke0(Native Method)
	at sun.reflect.NativeMethodAccessorImpl.invoke(NativeMethodAccessorImpl.java:62)
	at sun.reflect.DelegatingMethodAccessorImpl.invoke(DelegatingMethodAccessorImpl.java:43)
	at java.lang.reflect.Method.invoke(Method.java:498)
	at org.testng.internal.MethodInvocationHelper.invokeMethod(MethodInvocationHelper.java:85)
	at org.testng.internal.Invoker.invokeConfigurationMethod(Invoker.java:510)
	at org.testng.internal.Invoker.invokeConfigurations(Invoker.java:211)
	at org.testng.internal.Invoker.invokeConfigurations(Invoker.java:138)
	at org.testng.internal.TestMethodWorker.invokeBeforeClassMethods(TestMethodWorker.java:170)
	at org.testng.internal.TestMethodWorker.run(TestMethodWorker.java:104)
	at org.testng.TestRunner.privateRun(TestRunner.java:774)
	at org.testng.TestRunner.run(TestRunner.java:624)
	at org.testng.SuiteRunner.runTest(SuiteRunner.java:359)
	at org.testng.SuiteRunner.runSequentially(SuiteRunner.java:354)
	at org.testng.SuiteRunner.privateRun(SuiteRunner.java:312)
	at org.testng.SuiteRunner.run(SuiteRunner.java:261)
	at org.testng.SuiteRunnerWorker.runSuite(SuiteRunnerWorker.java:52)
	at org.testng.SuiteRunnerWorker.run(SuiteRunnerWorker.java:86)
	at org.testng.TestNG.runSuitesSequentially(TestNG.java:1215)
	at org.testng.TestNG.runSuitesLocally(TestNG.java:1140)
	at org.testng.TestNG.run(TestNG.java:1048)
	at org.apache.maven.surefire.testng.TestNGExecutor.run(TestNGExecutor.java:293)
	at org.apache.maven.surefire.testng.TestNGXmlTestSuite.execute(TestNGXmlTestSuite.java:84)
	at org.apache.maven.surefire.testng.TestNGProvider.invoke(TestNGProvider.java:91)
	at org.apache.maven.surefire.booter.ForkedBooter.invokeProviderInSameClassLoader(ForkedBooter.java:200)
	at org.apache.maven.surefire.booter.ForkedBooter.runSuitesInProcess(ForkedBooter.java:153)
	at org.apache.maven.surefire.booter.ForkedBooter.main(ForkedBooter.java:103)
</failure>
    <system-out><![CDATA[WLP: Adding Jar:/libertyGit/open-liberty/dev/com.ibm.ws.microprofile.config_fat_tck/publish/tckRunner/tck/../lib/hamcrest-all-1.3.jar
]]></system-out>
  </testcase>
  <testcase name="arquillianBeforeTest" classname="org.eclipse.microprofile.config.tck.EmptyValuesTest" time="0">
    <skipped/>
  </testcase>
  <testcase name="testEmptyStringProgrammaticLookup" classname="org.eclipse.microprofile.config.tck.EmptyValuesTest" time="0">
    <skipped/>
  </testcase>
  <testcase name="arquillianBeforeTest" classname="org.eclipse.microprofile.config.tck.EmptyValuesTest" time="0">
    <skipped/>
  </testcase>
  <testcase name="testEmptyStringPropertyFromConfigFile" classname="org.eclipse.microprofile.config.tck.EmptyValuesTest" time="0">
    <skipped/>
  </testcase>
  <testcase name="arquillianBeforeTest" classname="org.eclipse.microprofile.config.tck.EmptyValuesTest" time="0">
    <skipped/>
  </testcase>
  <testcase name="testEmptyStringValues" classname="org.eclipse.microprofile.config.tck.EmptyValuesTest" time="0">
    <skipped/>
  </testcase>
  <testcase name="test" classname="org.eclipse.microprofile.config.tck.broken.WrongConverterOnInstanceInjectionTest" time="0.001"/>
  <testcase name="arquillianBeforeClass" classname="org.eclipse.microprofile.config.tck.ConverterTest" time="0.536">
    <failure type="java.lang.NullPointerException:">java.lang.NullPointerException: null
	at org.jboss.shrinkwrap.impl.base.container.ContainerBase.addAsLibrary(ContainerBase.java:1836)
	at org.jboss.shrinkwrap.impl.base.container.ContainerBase.addAsLibrary(ContainerBase.java:1778)
	at org.jboss.shrinkwrap.impl.base.container.ContainerBase.addAsLibrary(ContainerBase.java:1752)
	at org.jboss.shrinkwrap.impl.base.container.ContainerBase.addAsLibraries(ContainerBase.java:1914)
	at com.ibm.ws.microprofile.config.test.ArchiveProcessor.process(ArchiveProcessor.java:24)
	at org.jboss.arquillian.container.test.impl.client.deployment.DeploymentGenerator.applyApplicationProcessors(DeploymentGenerator.java:223)
	at org.jboss.arquillian.container.test.impl.client.deployment.DeploymentGenerator.buildTestableDeployments(DeploymentGenerator.java:172)
	at org.jboss.arquillian.container.test.impl.client.deployment.DeploymentGenerator.createTestableDeployments(DeploymentGenerator.java:148)
	at org.jboss.arquillian.container.test.impl.client.deployment.DeploymentGenerator.generateDeployment(DeploymentGenerator.java:85)
	at sun.reflect.NativeMethodAccessorImpl.invoke0(Native Method)
	at sun.reflect.NativeMethodAccessorImpl.invoke(NativeMethodAccessorImpl.java:62)
	at sun.reflect.DelegatingMethodAccessorImpl.invoke(DelegatingMethodAccessorImpl.java:43)
	at java.lang.reflect.Method.invoke(Method.java:498)
	at org.jboss.arquillian.core.impl.ObserverImpl.invoke(ObserverImpl.java:96)
	at org.jboss.arquillian.core.impl.EventContextImpl.invokeObservers(EventContextImpl.java:99)
	at org.jboss.arquillian.core.impl.EventContextImpl.proceed(EventContextImpl.java:81)
	at org.jboss.arquillian.core.impl.ManagerImpl.fire(ManagerImpl.java:145)
	at org.jboss.arquillian.core.impl.ManagerImpl.fire(ManagerImpl.java:116)
	at org.jboss.arquillian.core.impl.EventImpl.fire(EventImpl.java:67)
	at org.jboss.arquillian.container.test.impl.client.ContainerEventController.execute(ContainerEventController.java:100)
	at sun.reflect.NativeMethodAccessorImpl.invoke0(Native Method)
	at sun.reflect.NativeMethodAccessorImpl.invoke(NativeMethodAccessorImpl.java:62)
	at sun.reflect.DelegatingMethodAccessorImpl.invoke(DelegatingMethodAccessorImpl.java:43)
	at java.lang.reflect.Method.invoke(Method.java:498)
	at org.jboss.arquillian.core.impl.ObserverImpl.invoke(ObserverImpl.java:96)
	at org.jboss.arquillian.core.impl.EventContextImpl.invokeObservers(EventContextImpl.java:99)
	at org.jboss.arquillian.core.impl.EventContextImpl.proceed(EventContextImpl.java:81)
	at org.jboss.arquillian.test.impl.TestContextHandler.createClassContext(TestContextHandler.java:92)
	at sun.reflect.GeneratedMethodAccessor3.invoke(Unknown Source)
	at sun.reflect.DelegatingMethodAccessorImpl.invoke(DelegatingMethodAccessorImpl.java:43)
	at java.lang.reflect.Method.invoke(Method.java:498)
	at org.jboss.arquillian.core.impl.ObserverImpl.invoke(ObserverImpl.java:96)
	at org.jboss.arquillian.core.impl.EventContextImpl.proceed(EventContextImpl.java:88)
	at org.jboss.arquillian.test.impl.TestContextHandler.createSuiteContext(TestContextHandler.java:73)
	at sun.reflect.GeneratedMethodAccessor2.invoke(Unknown Source)
	at sun.reflect.DelegatingMethodAccessorImpl.invoke(DelegatingMethodAccessorImpl.java:43)
	at java.lang.reflect.Method.invoke(Method.java:498)
	at org.jboss.arquillian.core.impl.ObserverImpl.invoke(ObserverImpl.java:96)
	at org.jboss.arquillian.core.impl.EventContextImpl.proceed(EventContextImpl.java:88)
	at org.jboss.arquillian.core.impl.ManagerImpl.fire(ManagerImpl.java:145)
	at org.jboss.arquillian.core.impl.ManagerImpl.fire(ManagerImpl.java:116)
	at org.jboss.arquillian.test.impl.EventTestRunnerAdaptor.beforeClass(EventTestRunnerAdaptor.java:87)
	at org.jboss.arquillian.testng.Arquillian.arquillianBeforeClass(Arquillian.java:109)
	at sun.reflect.NativeMethodAccessorImpl.invoke0(Native Method)
	at sun.reflect.NativeMethodAccessorImpl.invoke(NativeMethodAccessorImpl.java:62)
	at sun.reflect.DelegatingMethodAccessorImpl.invoke(DelegatingMethodAccessorImpl.java:43)
	at java.lang.reflect.Method.invoke(Method.java:498)
	at org.testng.internal.MethodInvocationHelper.invokeMethod(MethodInvocationHelper.java:85)
	at org.testng.internal.Invoker.invokeConfigurationMethod(Invoker.java:510)
	at org.testng.internal.Invoker.invokeConfigurations(Invoker.java:211)
	at org.testng.internal.Invoker.invokeConfigurations(Invoker.java:138)
	at org.testng.internal.TestMethodWorker.invokeBeforeClassMethods(TestMethodWorker.java:170)
	at org.testng.internal.TestMethodWorker.run(TestMethodWorker.java:104)
	at org.testng.TestRunner.privateRun(TestRunner.java:774)
	at org.testng.TestRunner.run(TestRunner.java:624)
	at org.testng.SuiteRunner.runTest(SuiteRunner.java:359)
	at org.testng.SuiteRunner.runSequentially(SuiteRunner.java:354)
	at org.testng.SuiteRunner.privateRun(SuiteRunner.java:312)
	at org.testng.SuiteRunner.run(SuiteRunner.java:261)
	at org.testng.SuiteRunnerWorker.runSuite(SuiteRunnerWorker.java:52)
	at org.testng.SuiteRunnerWorker.run(SuiteRunnerWorker.java:86)
	at org.testng.TestNG.runSuitesSequentially(TestNG.java:1215)
	at org.testng.TestNG.runSuitesLocally(TestNG.java:1140)
	at org.testng.TestNG.run(TestNG.java:1048)
	at org.apache.maven.surefire.testng.TestNGExecutor.run(TestNGExecutor.java:293)
	at org.apache.maven.surefire.testng.TestNGXmlTestSuite.execute(TestNGXmlTestSuite.java:84)
	at org.apache.maven.surefire.testng.TestNGProvider.invoke(TestNGProvider.java:91)
	at org.apache.maven.surefire.booter.ForkedBooter.invokeProviderInSameClassLoader(ForkedBooter.java:200)
	at org.apache.maven.surefire.booter.ForkedBooter.runSuitesInProcess(ForkedBooter.java:153)
	at org.apache.maven.surefire.booter.ForkedBooter.main(ForkedBooter.java:103)
</failure>
    <system-out><![CDATA[GDH1
WLP: Adding Jar:/libertyGit/open-liberty/dev/com.ibm.ws.microprofile.config_fat_tck/publish/tckRunner/tck/../lib/hamcrest-all-1.3.jar
]]></system-out>
  </testcase>
  <testcase name="arquillianBeforeTest" classname="org.eclipse.microprofile.config.tck.ConverterTest" time="0">
    <skipped/>
  </testcase>
  <testcase name="testBoolean" classname="org.eclipse.microprofile.config.tck.ConverterTest" time="0">
    <skipped/>
  </testcase>
  <testcase name="arquillianBeforeTest" classname="org.eclipse.microprofile.config.tck.ConverterTest" time="0">
    <skipped/>
  </testcase>
  <testcase name="testCustomConverter" classname="org.eclipse.microprofile.config.tck.ConverterTest" time="0">
    <skipped/>
  </testcase>
  <testcase name="arquillianBeforeTest" classname="org.eclipse.microprofile.config.tck.ConverterTest" time="0">
    <skipped/>
  </testcase>
  <testcase name="testDouble" classname="org.eclipse.microprofile.config.tck.ConverterTest" time="0">
    <skipped/>
  </testcase>
  <testcase name="arquillianBeforeTest" classname="org.eclipse.microprofile.config.tck.ConverterTest" time="0">
    <skipped/>
  </testcase>
  <testcase name="testDouble_Broken" classname="org.eclipse.microprofile.config.tck.ConverterTest" time="0">
    <skipped/>
  </testcase>
  <testcase name="arquillianBeforeTest" classname="org.eclipse.microprofile.config.tck.ConverterTest" time="0">
    <skipped/>
  </testcase>
  <testcase name="testDuration" classname="org.eclipse.microprofile.config.tck.ConverterTest" time="0">
    <skipped/>
  </testcase>
  <testcase name="arquillianBeforeTest" classname="org.eclipse.microprofile.config.tck.ConverterTest" time="0">
    <skipped/>
  </testcase>
  <testcase name="testDuration_Broken" classname="org.eclipse.microprofile.config.tck.ConverterTest" time="0">
    <skipped/>
  </testcase>
  <testcase name="arquillianBeforeTest" classname="org.eclipse.microprofile.config.tck.ConverterTest" time="0">
    <skipped/>
  </testcase>
  <testcase name="testFloat" classname="org.eclipse.microprofile.config.tck.ConverterTest" time="0">
    <skipped/>
  </testcase>
  <testcase name="arquillianBeforeTest" classname="org.eclipse.microprofile.config.tck.ConverterTest" time="0">
    <skipped/>
  </testcase>
  <testcase name="testFloat_Broken" classname="org.eclipse.microprofile.config.tck.ConverterTest" time="0">
    <skipped/>
  </testcase>
  <testcase name="arquillianBeforeTest" classname="org.eclipse.microprofile.config.tck.ConverterTest" time="0">
    <skipped/>
  </testcase>
  <testcase name="testInstant" classname="org.eclipse.microprofile.config.tck.ConverterTest" time="0">
    <skipped/>
  </testcase>
  <testcase name="arquillianBeforeTest" classname="org.eclipse.microprofile.config.tck.ConverterTest" time="0">
    <skipped/>
  </testcase>
  <testcase name="testInstant_Broken" classname="org.eclipse.microprofile.config.tck.ConverterTest" time="0">
    <skipped/>
  </testcase>
  <testcase name="arquillianBeforeTest" classname="org.eclipse.microprofile.config.tck.ConverterTest" time="0">
    <skipped/>
  </testcase>
  <testcase name="testInt" classname="org.eclipse.microprofile.config.tck.ConverterTest" time="0">
    <skipped/>
  </testcase>
  <testcase name="arquillianBeforeTest" classname="org.eclipse.microprofile.config.tck.ConverterTest" time="0">
    <skipped/>
  </testcase>
  <testcase name="testInteger" classname="org.eclipse.microprofile.config.tck.ConverterTest" time="0">
    <skipped/>
  </testcase>
  <testcase name="arquillianBeforeTest" classname="org.eclipse.microprofile.config.tck.ConverterTest" time="0">
    <skipped/>
  </testcase>
  <testcase name="testInteger_Broken" classname="org.eclipse.microprofile.config.tck.ConverterTest" time="0">
    <skipped/>
  </testcase>
  <testcase name="arquillianBeforeTest" classname="org.eclipse.microprofile.config.tck.ConverterTest" time="0">
    <skipped/>
  </testcase>
  <testcase name="testLocalDate" classname="org.eclipse.microprofile.config.tck.ConverterTest" time="0">
    <skipped/>
  </testcase>
  <testcase name="arquillianBeforeTest" classname="org.eclipse.microprofile.config.tck.ConverterTest" time="0">
    <skipped/>
  </testcase>
  <testcase name="testLocalDateTime" classname="org.eclipse.microprofile.config.tck.ConverterTest" time="0">
    <skipped/>
  </testcase>
  <testcase name="arquillianBeforeTest" classname="org.eclipse.microprofile.config.tck.ConverterTest" time="0">
    <skipped/>
  </testcase>
  <testcase name="testLocalDateTime_Broken" classname="org.eclipse.microprofile.config.tck.ConverterTest" time="0">
    <skipped/>
  </testcase>
  <testcase name="arquillianBeforeTest" classname="org.eclipse.microprofile.config.tck.ConverterTest" time="0">
    <skipped/>
  </testcase>
  <testcase name="testLocalDate_Broken" classname="org.eclipse.microprofile.config.tck.ConverterTest" time="0">
    <skipped/>
  </testcase>
  <testcase name="arquillianBeforeTest" classname="org.eclipse.microprofile.config.tck.ConverterTest" time="0">
    <skipped/>
  </testcase>
  <testcase name="testLocalTime" classname="org.eclipse.microprofile.config.tck.ConverterTest" time="0">
    <skipped/>
  </testcase>
  <testcase name="arquillianBeforeTest" classname="org.eclipse.microprofile.config.tck.ConverterTest" time="0">
    <skipped/>
  </testcase>
  <testcase name="testLocalTime_Broken" classname="org.eclipse.microprofile.config.tck.ConverterTest" time="0">
    <skipped/>
  </testcase>
  <testcase name="arquillianBeforeTest" classname="org.eclipse.microprofile.config.tck.ConverterTest" time="0">
    <skipped/>
  </testcase>
  <testcase name="testLong" classname="org.eclipse.microprofile.config.tck.ConverterTest" time="0">
    <skipped/>
  </testcase>
  <testcase name="arquillianBeforeTest" classname="org.eclipse.microprofile.config.tck.ConverterTest" time="0">
    <skipped/>
  </testcase>
  <testcase name="testLong_Broken" classname="org.eclipse.microprofile.config.tck.ConverterTest" time="0">
    <skipped/>
  </testcase>
  <testcase name="arquillianBeforeTest" classname="org.eclipse.microprofile.config.tck.ConverterTest" time="0">
    <skipped/>
  </testcase>
  <testcase name="testOffsetDateTime" classname="org.eclipse.microprofile.config.tck.ConverterTest" time="0">
    <skipped/>
  </testcase>
  <testcase name="arquillianBeforeTest" classname="org.eclipse.microprofile.config.tck.ConverterTest" time="0">
    <skipped/>
  </testcase>
  <testcase name="testOffsetDateTime_Broken" classname="org.eclipse.microprofile.config.tck.ConverterTest" time="0">
    <skipped/>
  </testcase>
  <testcase name="arquillianBeforeTest" classname="org.eclipse.microprofile.config.tck.ConverterTest" time="0">
    <skipped/>
  </testcase>
  <testcase name="testOffsetTime" classname="org.eclipse.microprofile.config.tck.ConverterTest" time="0">
    <skipped/>
  </testcase>
  <testcase name="arquillianBeforeTest" classname="org.eclipse.microprofile.config.tck.ConverterTest" time="0">
    <skipped/>
  </testcase>
  <testcase name="testOffsetTime_Broken" classname="org.eclipse.microprofile.config.tck.ConverterTest" time="0">
    <skipped/>
  </testcase>
  <testcase name="arquillianBeforeTest" classname="org.eclipse.microprofile.config.tck.ConverterTest" time="0">
    <skipped/>
  </testcase>
  <testcase name="testURLConverter" classname="org.eclipse.microprofile.config.tck.ConverterTest" time="0">
    <skipped/>
  </testcase>
  <testcase name="arquillianBeforeTest" classname="org.eclipse.microprofile.config.tck.ConverterTest" time="0">
    <skipped/>
  </testcase>
  <testcase name="testURLConverterBroken" classname="org.eclipse.microprofile.config.tck.ConverterTest" time="0">
    <skipped/>
  </testcase>
  <testcase name="arquillianBeforeTest" classname="org.eclipse.microprofile.config.tck.ConverterTest" time="0">
    <skipped/>
  </testcase>
  <testcase name="testdouble" classname="org.eclipse.microprofile.config.tck.ConverterTest" time="0">
    <skipped/>
  </testcase>
  <testcase name="arquillianBeforeTest" classname="org.eclipse.microprofile.config.tck.ConverterTest" time="0">
    <skipped/>
  </testcase>
  <testcase name="testfloat" classname="org.eclipse.microprofile.config.tck.ConverterTest" time="0">
    <skipped/>
  </testcase>
  <testcase name="arquillianBeforeTest" classname="org.eclipse.microprofile.config.tck.ConverterTest" time="0">
    <skipped/>
  </testcase>
  <testcase name="testlong" classname="org.eclipse.microprofile.config.tck.ConverterTest" time="0">
    <skipped/>
  </testcase>
  <testcase name="arquillianBeforeClass" classname="org.eclipse.microprofile.config.tck.ConfigProviderTest" time="0.004">
    <failure type="java.lang.NullPointerException:">java.lang.NullPointerException: null
	at org.jboss.shrinkwrap.impl.base.container.ContainerBase.addAsLibrary(ContainerBase.java:1836)
	at org.jboss.shrinkwrap.impl.base.container.ContainerBase.addAsLibrary(ContainerBase.java:1778)
	at org.jboss.shrinkwrap.impl.base.container.ContainerBase.addAsLibrary(ContainerBase.java:1752)
	at org.jboss.shrinkwrap.impl.base.container.ContainerBase.addAsLibraries(ContainerBase.java:1914)
	at com.ibm.ws.microprofile.config.test.ArchiveProcessor.process(ArchiveProcessor.java:24)
	at org.jboss.arquillian.container.test.impl.client.deployment.DeploymentGenerator.applyApplicationProcessors(DeploymentGenerator.java:223)
	at org.jboss.arquillian.container.test.impl.client.deployment.DeploymentGenerator.buildTestableDeployments(DeploymentGenerator.java:172)
	at org.jboss.arquillian.container.test.impl.client.deployment.DeploymentGenerator.createTestableDeployments(DeploymentGenerator.java:148)
	at org.jboss.arquillian.container.test.impl.client.deployment.DeploymentGenerator.generateDeployment(DeploymentGenerator.java:85)
	at sun.reflect.NativeMethodAccessorImpl.invoke0(Native Method)
	at sun.reflect.NativeMethodAccessorImpl.invoke(NativeMethodAccessorImpl.java:62)
	at sun.reflect.DelegatingMethodAccessorImpl.invoke(DelegatingMethodAccessorImpl.java:43)
	at java.lang.reflect.Method.invoke(Method.java:498)
	at org.jboss.arquillian.core.impl.ObserverImpl.invoke(ObserverImpl.java:96)
	at org.jboss.arquillian.core.impl.EventContextImpl.invokeObservers(EventContextImpl.java:99)
	at org.jboss.arquillian.core.impl.EventContextImpl.proceed(EventContextImpl.java:81)
	at org.jboss.arquillian.core.impl.ManagerImpl.fire(ManagerImpl.java:145)
	at org.jboss.arquillian.core.impl.ManagerImpl.fire(ManagerImpl.java:116)
	at org.jboss.arquillian.core.impl.EventImpl.fire(EventImpl.java:67)
	at org.jboss.arquillian.container.test.impl.client.ContainerEventController.execute(ContainerEventController.java:100)
	at sun.reflect.NativeMethodAccessorImpl.invoke0(Native Method)
	at sun.reflect.NativeMethodAccessorImpl.invoke(NativeMethodAccessorImpl.java:62)
	at sun.reflect.DelegatingMethodAccessorImpl.invoke(DelegatingMethodAccessorImpl.java:43)
	at java.lang.reflect.Method.invoke(Method.java:498)
	at org.jboss.arquillian.core.impl.ObserverImpl.invoke(ObserverImpl.java:96)
	at org.jboss.arquillian.core.impl.EventContextImpl.invokeObservers(EventContextImpl.java:99)
	at org.jboss.arquillian.core.impl.EventContextImpl.proceed(EventContextImpl.java:81)
	at org.jboss.arquillian.test.impl.TestContextHandler.createClassContext(TestContextHandler.java:92)
	at sun.reflect.GeneratedMethodAccessor3.invoke(Unknown Source)
	at sun.reflect.DelegatingMethodAccessorImpl.invoke(DelegatingMethodAccessorImpl.java:43)
	at java.lang.reflect.Method.invoke(Method.java:498)
	at org.jboss.arquillian.core.impl.ObserverImpl.invoke(ObserverImpl.java:96)
	at org.jboss.arquillian.core.impl.EventContextImpl.proceed(EventContextImpl.java:88)
	at org.jboss.arquillian.test.impl.TestContextHandler.createSuiteContext(TestContextHandler.java:73)
	at sun.reflect.GeneratedMethodAccessor2.invoke(Unknown Source)
	at sun.reflect.DelegatingMethodAccessorImpl.invoke(DelegatingMethodAccessorImpl.java:43)
	at java.lang.reflect.Method.invoke(Method.java:498)
	at org.jboss.arquillian.core.impl.ObserverImpl.invoke(ObserverImpl.java:96)
	at org.jboss.arquillian.core.impl.EventContextImpl.proceed(EventContextImpl.java:88)
	at org.jboss.arquillian.core.impl.ManagerImpl.fire(ManagerImpl.java:145)
	at org.jboss.arquillian.core.impl.ManagerImpl.fire(ManagerImpl.java:116)
	at org.jboss.arquillian.test.impl.EventTestRunnerAdaptor.beforeClass(EventTestRunnerAdaptor.java:87)
	at org.jboss.arquillian.testng.Arquillian.arquillianBeforeClass(Arquillian.java:109)
	at sun.reflect.NativeMethodAccessorImpl.invoke0(Native Method)
	at sun.reflect.NativeMethodAccessorImpl.invoke(NativeMethodAccessorImpl.java:62)
	at sun.reflect.DelegatingMethodAccessorImpl.invoke(DelegatingMethodAccessorImpl.java:43)
	at java.lang.reflect.Method.invoke(Method.java:498)
	at org.testng.internal.MethodInvocationHelper.invokeMethod(MethodInvocationHelper.java:85)
	at org.testng.internal.Invoker.invokeConfigurationMethod(Invoker.java:510)
	at org.testng.internal.Invoker.invokeConfigurations(Invoker.java:211)
	at org.testng.internal.Invoker.invokeConfigurations(Invoker.java:138)
	at org.testng.internal.TestMethodWorker.invokeBeforeClassMethods(TestMethodWorker.java:170)
	at org.testng.internal.TestMethodWorker.run(TestMethodWorker.java:104)
	at org.testng.TestRunner.privateRun(TestRunner.java:774)
	at org.testng.TestRunner.run(TestRunner.java:624)
	at org.testng.SuiteRunner.runTest(SuiteRunner.java:359)
	at org.testng.SuiteRunner.runSequentially(SuiteRunner.java:354)
	at org.testng.SuiteRunner.privateRun(SuiteRunner.java:312)
	at org.testng.SuiteRunner.run(SuiteRunner.java:261)
	at org.testng.SuiteRunnerWorker.runSuite(SuiteRunnerWorker.java:52)
	at org.testng.SuiteRunnerWorker.run(SuiteRunnerWorker.java:86)
	at org.testng.TestNG.runSuitesSequentially(TestNG.java:1215)
	at org.testng.TestNG.runSuitesLocally(TestNG.java:1140)
	at org.testng.TestNG.run(TestNG.java:1048)
	at org.apache.maven.surefire.testng.TestNGExecutor.run(TestNGExecutor.java:293)
	at org.apache.maven.surefire.testng.TestNGXmlTestSuite.execute(TestNGXmlTestSuite.java:84)
	at org.apache.maven.surefire.testng.TestNGProvider.invoke(TestNGProvider.java:91)
	at org.apache.maven.surefire.booter.ForkedBooter.invokeProviderInSameClassLoader(ForkedBooter.java:200)
	at org.apache.maven.surefire.booter.ForkedBooter.runSuitesInProcess(ForkedBooter.java:153)
	at org.apache.maven.surefire.booter.ForkedBooter.main(ForkedBooter.java:103)
</failure>
    <system-out><![CDATA[WLP: Adding Jar:/libertyGit/open-liberty/dev/com.ibm.ws.microprofile.config_fat_tck/publish/tckRunner/tck/../lib/hamcrest-all-1.3.jar
]]></system-out>
  </testcase>
  <testcase name="arquillianBeforeTest" classname="org.eclipse.microprofile.config.tck.ConfigProviderTest" time="0">
    <skipped/>
  </testcase>
  <testcase name="testDynamicValueInPropertyConfigSource" classname="org.eclipse.microprofile.config.tck.ConfigProviderTest" time="0">
    <skipped/>
  </testcase>
  <testcase name="arquillianBeforeTest" classname="org.eclipse.microprofile.config.tck.ConfigProviderTest" time="0">
    <skipped/>
  </testcase>
  <testcase name="testEnvironmentConfigSource" classname="org.eclipse.microprofile.config.tck.ConfigProviderTest" time="0">
    <skipped/>
  </testcase>
  <testcase name="arquillianBeforeTest" classname="org.eclipse.microprofile.config.tck.ConfigProviderTest" time="0">
    <skipped/>
  </testcase>
  <testcase name="testGetConfigSources" classname="org.eclipse.microprofile.config.tck.ConfigProviderTest" time="0">
    <skipped/>
  </testcase>
  <testcase name="arquillianBeforeTest" classname="org.eclipse.microprofile.config.tck.ConfigProviderTest" time="0">
    <skipped/>
  </testcase>
  <testcase name="testGetPropertyNames" classname="org.eclipse.microprofile.config.tck.ConfigProviderTest" time="0">
    <skipped/>
  </testcase>
  <testcase name="arquillianBeforeTest" classname="org.eclipse.microprofile.config.tck.ConfigProviderTest" time="0">
    <skipped/>
  </testcase>
  <testcase name="testInjectedConfigSerializable" classname="org.eclipse.microprofile.config.tck.ConfigProviderTest" time="0">
    <skipped/>
  </testcase>
  <testcase name="arquillianBeforeTest" classname="org.eclipse.microprofile.config.tck.ConfigProviderTest" time="0">
    <skipped/>
  </testcase>
  <testcase name="testJavaConfigPropertyFilesConfigSource" classname="org.eclipse.microprofile.config.tck.ConfigProviderTest" time="0">
    <skipped/>
  </testcase>
  <testcase name="arquillianBeforeTest" classname="org.eclipse.microprofile.config.tck.ConfigProviderTest" time="0">
    <skipped/>
  </testcase>
  <testcase name="testNonExistingConfigKey" classname="org.eclipse.microprofile.config.tck.ConfigProviderTest" time="0">
    <skipped/>
  </testcase>
  <testcase name="arquillianBeforeTest" classname="org.eclipse.microprofile.config.tck.ConfigProviderTest" time="0">
    <skipped/>
  </testcase>
  <testcase name="testNonExistingConfigKeyGet" classname="org.eclipse.microprofile.config.tck.ConfigProviderTest" time="0">
    <skipped/>
  </testcase>
  <testcase name="arquillianBeforeTest" classname="org.eclipse.microprofile.config.tck.ConfigProviderTest" time="0">
    <skipped/>
  </testcase>
  <testcase name="testPropertyConfigSource" classname="org.eclipse.microprofile.config.tck.ConfigProviderTest" time="0">
    <skipped/>
  </testcase>
  <testcase name="arquillianBeforeClass" classname="org.eclipse.microprofile.config.tck.AutoDiscoveredConfigSourceTest" time="0.006">
    <failure type="java.lang.NullPointerException:">java.lang.NullPointerException: null
	at org.jboss.shrinkwrap.impl.base.container.ContainerBase.addAsLibrary(ContainerBase.java:1836)
	at org.jboss.shrinkwrap.impl.base.container.ContainerBase.addAsLibrary(ContainerBase.java:1778)
	at org.jboss.shrinkwrap.impl.base.container.ContainerBase.addAsLibrary(ContainerBase.java:1752)
	at org.jboss.shrinkwrap.impl.base.container.ContainerBase.addAsLibraries(ContainerBase.java:1914)
	at com.ibm.ws.microprofile.config.test.ArchiveProcessor.process(ArchiveProcessor.java:24)
	at org.jboss.arquillian.container.test.impl.client.deployment.DeploymentGenerator.applyApplicationProcessors(DeploymentGenerator.java:223)
	at org.jboss.arquillian.container.test.impl.client.deployment.DeploymentGenerator.buildTestableDeployments(DeploymentGenerator.java:172)
	at org.jboss.arquillian.container.test.impl.client.deployment.DeploymentGenerator.createTestableDeployments(DeploymentGenerator.java:148)
	at org.jboss.arquillian.container.test.impl.client.deployment.DeploymentGenerator.generateDeployment(DeploymentGenerator.java:85)
	at sun.reflect.NativeMethodAccessorImpl.invoke0(Native Method)
	at sun.reflect.NativeMethodAccessorImpl.invoke(NativeMethodAccessorImpl.java:62)
	at sun.reflect.DelegatingMethodAccessorImpl.invoke(DelegatingMethodAccessorImpl.java:43)
	at java.lang.reflect.Method.invoke(Method.java:498)
	at org.jboss.arquillian.core.impl.ObserverImpl.invoke(ObserverImpl.java:96)
	at org.jboss.arquillian.core.impl.EventContextImpl.invokeObservers(EventContextImpl.java:99)
	at org.jboss.arquillian.core.impl.EventContextImpl.proceed(EventContextImpl.java:81)
	at org.jboss.arquillian.core.impl.ManagerImpl.fire(ManagerImpl.java:145)
	at org.jboss.arquillian.core.impl.ManagerImpl.fire(ManagerImpl.java:116)
	at org.jboss.arquillian.core.impl.EventImpl.fire(EventImpl.java:67)
	at org.jboss.arquillian.container.test.impl.client.ContainerEventController.execute(ContainerEventController.java:100)
	at sun.reflect.NativeMethodAccessorImpl.invoke0(Native Method)
	at sun.reflect.NativeMethodAccessorImpl.invoke(NativeMethodAccessorImpl.java:62)
	at sun.reflect.DelegatingMethodAccessorImpl.invoke(DelegatingMethodAccessorImpl.java:43)
	at java.lang.reflect.Method.invoke(Method.java:498)
	at org.jboss.arquillian.core.impl.ObserverImpl.invoke(ObserverImpl.java:96)
	at org.jboss.arquillian.core.impl.EventContextImpl.invokeObservers(EventContextImpl.java:99)
	at org.jboss.arquillian.core.impl.EventContextImpl.proceed(EventContextImpl.java:81)
	at org.jboss.arquillian.test.impl.TestContextHandler.createClassContext(TestContextHandler.java:92)
	at sun.reflect.GeneratedMethodAccessor3.invoke(Unknown Source)
	at sun.reflect.DelegatingMethodAccessorImpl.invoke(DelegatingMethodAccessorImpl.java:43)
	at java.lang.reflect.Method.invoke(Method.java:498)
	at org.jboss.arquillian.core.impl.ObserverImpl.invoke(ObserverImpl.java:96)
	at org.jboss.arquillian.core.impl.EventContextImpl.proceed(EventContextImpl.java:88)
	at org.jboss.arquillian.test.impl.TestContextHandler.createSuiteContext(TestContextHandler.java:73)
	at sun.reflect.GeneratedMethodAccessor2.invoke(Unknown Source)
	at sun.reflect.DelegatingMethodAccessorImpl.invoke(DelegatingMethodAccessorImpl.java:43)
	at java.lang.reflect.Method.invoke(Method.java:498)
	at org.jboss.arquillian.core.impl.ObserverImpl.invoke(ObserverImpl.java:96)
	at org.jboss.arquillian.core.impl.EventContextImpl.proceed(EventContextImpl.java:88)
	at org.jboss.arquillian.core.impl.ManagerImpl.fire(ManagerImpl.java:145)
	at org.jboss.arquillian.core.impl.ManagerImpl.fire(ManagerImpl.java:116)
	at org.jboss.arquillian.test.impl.EventTestRunnerAdaptor.beforeClass(EventTestRunnerAdaptor.java:87)
	at org.jboss.arquillian.testng.Arquillian.arquillianBeforeClass(Arquillian.java:109)
	at sun.reflect.NativeMethodAccessorImpl.invoke0(Native Method)
	at sun.reflect.NativeMethodAccessorImpl.invoke(NativeMethodAccessorImpl.java:62)
	at sun.reflect.DelegatingMethodAccessorImpl.invoke(DelegatingMethodAccessorImpl.java:43)
	at java.lang.reflect.Method.invoke(Method.java:498)
	at org.testng.internal.MethodInvocationHelper.invokeMethod(MethodInvocationHelper.java:85)
	at org.testng.internal.Invoker.invokeConfigurationMethod(Invoker.java:510)
	at org.testng.internal.Invoker.invokeConfigurations(Invoker.java:211)
	at org.testng.internal.Invoker.invokeConfigurations(Invoker.java:138)
	at org.testng.internal.TestMethodWorker.invokeBeforeClassMethods(TestMethodWorker.java:170)
	at org.testng.internal.TestMethodWorker.run(TestMethodWorker.java:104)
	at org.testng.TestRunner.privateRun(TestRunner.java:774)
	at org.testng.TestRunner.run(TestRunner.java:624)
	at org.testng.SuiteRunner.runTest(SuiteRunner.java:359)
	at org.testng.SuiteRunner.runSequentially(SuiteRunner.java:354)
	at org.testng.SuiteRunner.privateRun(SuiteRunner.java:312)
	at org.testng.SuiteRunner.run(SuiteRunner.java:261)
	at org.testng.SuiteRunnerWorker.runSuite(SuiteRunnerWorker.java:52)
	at org.testng.SuiteRunnerWorker.run(SuiteRunnerWorker.java:86)
	at org.testng.TestNG.runSuitesSequentially(TestNG.java:1215)
	at org.testng.TestNG.runSuitesLocally(TestNG.java:1140)
	at org.testng.TestNG.run(TestNG.java:1048)
	at org.apache.maven.surefire.testng.TestNGExecutor.run(TestNGExecutor.java:293)
	at org.apache.maven.surefire.testng.TestNGXmlTestSuite.execute(TestNGXmlTestSuite.java:84)
	at org.apache.maven.surefire.testng.TestNGProvider.invoke(TestNGProvider.java:91)
	at org.apache.maven.surefire.booter.ForkedBooter.invokeProviderInSameClassLoader(ForkedBooter.java:200)
	at org.apache.maven.surefire.booter.ForkedBooter.runSuitesInProcess(ForkedBooter.java:153)
	at org.apache.maven.surefire.booter.ForkedBooter.main(ForkedBooter.java:103)
</failure>
    <system-out><![CDATA[WLP: Adding Jar:/libertyGit/open-liberty/dev/com.ibm.ws.microprofile.config_fat_tck/publish/tckRunner/tck/../lib/hamcrest-all-1.3.jar
]]></system-out>
  </testcase>
  <testcase name="arquillianBeforeTest" classname="org.eclipse.microprofile.config.tck.AutoDiscoveredConfigSourceTest" time="0">
    <skipped/>
  </testcase>
  <testcase name="testAutoDiscoveredConfigureSources" classname="org.eclipse.microprofile.config.tck.AutoDiscoveredConfigSourceTest" time="0">
    <skipped/>
  </testcase>
  <testcase name="arquillianBeforeTest" classname="org.eclipse.microprofile.config.tck.AutoDiscoveredConfigSourceTest" time="0">
    <skipped/>
  </testcase>
  <testcase name="testAutoDiscoveredConverterManuallyAdded" classname="org.eclipse.microprofile.config.tck.AutoDiscoveredConfigSourceTest" time="0">
    <skipped/>
  </testcase>
  <testcase name="arquillianBeforeTest" classname="org.eclipse.microprofile.config.tck.AutoDiscoveredConfigSourceTest" time="0">
    <skipped/>
  </testcase>
  <testcase name="testAutoDiscoveredConverterNotAddedAutomatically" classname="org.eclipse.microprofile.config.tck.AutoDiscoveredConfigSourceTest" time="0">
    <skipped/>
  </testcase>
</testsuite>